Saving the results to ./results_simulfit_cyl/DEG_25b/
D50F25b_10dTol.sub DEG 25b
D50F25b_10dTHF75.sub DEG 25b
Fitting the following sample : 
       Goal  Sample                 Name  ... Unnamed: 19 Highq_trim.1  lowq_trim.1
10  Sample     132  DEG50F25b_10_dTHF75  ...         NaN          100            8

[1 rows x 22 columns]
Using the following model for fitting : 
 cylindrical_micelle
step 1 cost 16377583.619(61)
                    data_0 d_penetration .......|..   0.996373 in (0.75,1.1)
                    data_1 d_penetration .|........   0.803395 in (0.75,1.1)
                      data_0 length_core |.........    60.7209 in (20,1000)
                      data_1 length_core ..|.......      244.9 in (20,1000)
                   data_0 length_core_pd |.........  0.0381615 in (0,0.5)
                   data_1 length_core_pd ...|......   0.193351 in (0,0.5)
                         data_0 n_aggreg ....|.....    167.678 in (1,400)
                         data_1 n_aggreg .|........    66.1102 in (1,400)
                      data_0 radius_core .......|..    157.594 in (20,200)
                      data_1 radius_core ......|...    135.051 in (20,200)
                   data_0 radius_core_pd ........|.   0.429954 in (0,0.5)
                   data_1 radius_core_pd ........|.   0.447407 in (0,0.5)
                               data_0 rg .........|      182.1 in (0,200)
                               data_1 rg .....|....    116.687 in (0,200)
                            data_0 rg_pd .....|....   0.153161 in (0,0.3)
                            data_1 rg_pd |.........  0.0155853 in (0,0.3)
                            data_0 scale ..|....... 2.13067e-06 in (1e-15,1e-05)
                            data_1 scale |......... 5.50469e-07 in (1e-15,1e-05)
                                  v_core .......|.. 7.16278e+07 in (1,1e+08)
                                v_corona ..|....... 2.28047e+07 in (1,1e+08)
step 2 cost 16377583.619(61)
                    data_0 d_penetration .......|..   0.996373 in (0.75,1.1)
                    data_1 d_penetration .|........   0.803395 in (0.75,1.1)
                      data_0 length_core |.........    60.7209 in (20,1000)
                      data_1 length_core ..|.......      244.9 in (20,1000)
                   data_0 length_core_pd |.........  0.0381615 in (0,0.5)
                   data_1 length_core_pd ...|......   0.193351 in (0,0.5)
                         data_0 n_aggreg ....|.....    167.678 in (1,400)
                         data_1 n_aggreg .|........    66.1102 in (1,400)
                      data_0 radius_core .......|..    157.594 in (20,200)
                      data_1 radius_core ......|...    135.051 in (20,200)
                   data_0 radius_core_pd ........|.   0.429954 in (0,0.5)
                   data_1 radius_core_pd ........|.   0.447407 in (0,0.5)
                               data_0 rg .........|      182.1 in (0,200)
                               data_1 rg .....|....    116.687 in (0,200)
                            data_0 rg_pd .....|....   0.153161 in (0,0.3)
                            data_1 rg_pd |.........  0.0155853 in (0,0.3)
                            data_0 scale ..|....... 2.13067e-06 in (1e-15,1e-05)
                            data_1 scale |......... 5.50469e-07 in (1e-15,1e-05)
                                  v_core .......|.. 7.16278e+07 in (1,1e+08)
                                v_corona ..|....... 2.28047e+07 in (1,1e+08)
step 3 cost 16377583.619(61)
                    data_0 d_penetration .......|..   0.996373 in (0.75,1.1)
                    data_1 d_penetration .|........   0.803395 in (0.75,1.1)
                      data_0 length_core |.........    60.7209 in (20,1000)
                      data_1 length_core ..|.......      244.9 in (20,1000)
                   data_0 length_core_pd |.........  0.0381615 in (0,0.5)
                   data_1 length_core_pd ...|......   0.193351 in (0,0.5)
                         data_0 n_aggreg ....|.....    167.678 in (1,400)
                         data_1 n_aggreg .|........    66.1102 in (1,400)
                      data_0 radius_core .......|..    157.594 in (20,200)
                      data_1 radius_core ......|...    135.051 in (20,200)
                   data_0 radius_core_pd ........|.   0.429954 in (0,0.5)
                   data_1 radius_core_pd ........|.   0.447407 in (0,0.5)
                               data_0 rg .........|      182.1 in (0,200)
                               data_1 rg .....|....    116.687 in (0,200)
                            data_0 rg_pd .....|....   0.153161 in (0,0.3)
                            data_1 rg_pd |.........  0.0155853 in (0,0.3)
                            data_0 scale ..|....... 2.13067e-06 in (1e-15,1e-05)
                            data_1 scale |......... 5.50469e-07 in (1e-15,1e-05)
                                  v_core .......|.. 7.16278e+07 in (1,1e+08)
                                v_corona ..|....... 2.28047e+07 in (1,1e+08)
step 4 cost 16377583.619(61)
                    data_0 d_penetration .......|..   0.996373 in (0.75,1.1)
                    data_1 d_penetration .|........   0.803395 in (0.75,1.1)
                      data_0 length_core |.........    60.7209 in (20,1000)
                      data_1 length_core ..|.......      244.9 in (20,1000)
                   data_0 length_core_pd |.........  0.0381615 in (0,0.5)
                   data_1 length_core_pd ...|......   0.193351 in (0,0.5)
                         data_0 n_aggreg ....|.....    167.678 in (1,400)
                         data_1 n_aggreg .|........    66.1102 in (1,400)
                      data_0 radius_core .......|..    157.594 in (20,200)
                      data_1 radius_core ......|...    135.051 in (20,200)
                   data_0 radius_core_pd ........|.   0.429954 in (0,0.5)
                   data_1 radius_core_pd ........|.   0.447407 in (0,0.5)
                               data_0 rg .........|      182.1 in (0,200)
                               data_1 rg .....|....    116.687 in (0,200)
                            data_0 rg_pd .....|....   0.153161 in (0,0.3)
                            data_1 rg_pd |.........  0.0155853 in (0,0.3)
                            data_0 scale ..|....... 2.13067e-06 in (1e-15,1e-05)
                            data_1 scale |......... 5.50469e-07 in (1e-15,1e-05)
                                  v_core .......|.. 7.16278e+07 in (1,1e+08)
                                v_corona ..|....... 2.28047e+07 in (1,1e+08)
step 5 cost 16377583.619(61)
                    data_0 d_penetration .......|..   0.996373 in (0.75,1.1)
                    data_1 d_penetration .|........   0.803395 in (0.75,1.1)
                      data_0 length_core |.........    60.7209 in (20,1000)
                      data_1 length_core ..|.......      244.9 in (20,1000)
                   data_0 length_core_pd |.........  0.0381615 in (0,0.5)
                   data_1 length_core_pd ...|......   0.193351 in (0,0.5)
                         data_0 n_aggreg ....|.....    167.678 in (1,400)
                         data_1 n_aggreg .|........    66.1102 in (1,400)
                      data_0 radius_core .......|..    157.594 in (20,200)
                      data_1 radius_core ......|...    135.051 in (20,200)
                   data_0 radius_core_pd ........|.   0.429954 in (0,0.5)
                   data_1 radius_core_pd ........|.   0.447407 in (0,0.5)
                               data_0 rg .........|      182.1 in (0,200)
                               data_1 rg .....|....    116.687 in (0,200)
                            data_0 rg_pd .....|....   0.153161 in (0,0.3)
                            data_1 rg_pd |.........  0.0155853 in (0,0.3)
                            data_0 scale ..|....... 2.13067e-06 in (1e-15,1e-05)
                            data_1 scale |......... 5.50469e-07 in (1e-15,1e-05)
                                  v_core .......|.. 7.16278e+07 in (1,1e+08)
                                v_corona ..|....... 2.28047e+07 in (1,1e+08)
step 6 cost 16377583.619(61)
                    data_0 d_penetration .......|..   0.996373 in (0.75,1.1)
                    data_1 d_penetration .|........   0.803395 in (0.75,1.1)
                      data_0 length_core |.........    60.7209 in (20,1000)
                      data_1 length_core ..|.......      244.9 in (20,1000)
                   data_0 length_core_pd |.........  0.0381615 in (0,0.5)
                   data_1 length_core_pd ...|......   0.193351 in (0,0.5)
                         data_0 n_aggreg ....|.....    167.678 in (1,400)
                         data_1 n_aggreg .|........    66.1102 in (1,400)
                      data_0 radius_core .......|..    157.594 in (20,200)
                      data_1 radius_core ......|...    135.051 in (20,200)
                   data_0 radius_core_pd ........|.   0.429954 in (0,0.5)
                   data_1 radius_core_pd ........|.   0.447407 in (0,0.5)
                               data_0 rg .........|      182.1 in (0,200)
                               data_1 rg .....|....    116.687 in (0,200)
                            data_0 rg_pd .....|....   0.153161 in (0,0.3)
                            data_1 rg_pd |.........  0.0155853 in (0,0.3)
                            data_0 scale ..|....... 2.13067e-06 in (1e-15,1e-05)
                            data_1 scale |......... 5.50469e-07 in (1e-15,1e-05)
                                  v_core .......|.. 7.16278e+07 in (1,1e+08)
                                v_corona ..|....... 2.28047e+07 in (1,1e+08)
step 7 cost 16377583.619(61)
                    data_0 d_penetration .......|..   0.996373 in (0.75,1.1)
                    data_1 d_penetration .|........   0.803395 in (0.75,1.1)
                      data_0 length_core |.........    60.7209 in (20,1000)
                      data_1 length_core ..|.......      244.9 in (20,1000)
                   data_0 length_core_pd |.........  0.0381615 in (0,0.5)
                   data_1 length_core_pd ...|......   0.193351 in (0,0.5)
                         data_0 n_aggreg ....|.....    167.678 in (1,400)
                         data_1 n_aggreg .|........    66.1102 in (1,400)
                      data_0 radius_core .......|..    157.594 in (20,200)
                      data_1 radius_core ......|...    135.051 in (20,200)
                   data_0 radius_core_pd ........|.   0.429954 in (0,0.5)
                   data_1 radius_core_pd ........|.   0.447407 in (0,0.5)
                               data_0 rg .........|      182.1 in (0,200)
                               data_1 rg .....|....    116.687 in (0,200)
                            data_0 rg_pd .....|....   0.153161 in (0,0.3)
                            data_1 rg_pd |.........  0.0155853 in (0,0.3)
                            data_0 scale ..|....... 2.13067e-06 in (1e-15,1e-05)
                            data_1 scale |......... 5.50469e-07 in (1e-15,1e-05)
                                  v_core .......|.. 7.16278e+07 in (1,1e+08)
                                v_corona ..|....... 2.28047e+07 in (1,1e+08)
step 8 cost 16377583.619(61)
                    data_0 d_penetration .......|..   0.996373 in (0.75,1.1)
                    data_1 d_penetration .|........   0.803395 in (0.75,1.1)
                      data_0 length_core |.........    60.7209 in (20,1000)
                      data_1 length_core ..|.......      244.9 in (20,1000)
                   data_0 length_core_pd |.........  0.0381615 in (0,0.5)
                   data_1 length_core_pd ...|......   0.193351 in (0,0.5)
                         data_0 n_aggreg ....|.....    167.678 in (1,400)
                         data_1 n_aggreg .|........    66.1102 in (1,400)
                      data_0 radius_core .......|..    157.594 in (20,200)
                      data_1 radius_core ......|...    135.051 in (20,200)
                   data_0 radius_core_pd ........|.   0.429954 in (0,0.5)
                   data_1 radius_core_pd ........|.   0.447407 in (0,0.5)
                               data_0 rg .........|      182.1 in (0,200)
                               data_1 rg .....|....    116.687 in (0,200)
                            data_0 rg_pd .....|....   0.153161 in (0,0.3)
                            data_1 rg_pd |.........  0.0155853 in (0,0.3)
                            data_0 scale ..|....... 2.13067e-06 in (1e-15,1e-05)
                            data_1 scale |......... 5.50469e-07 in (1e-15,1e-05)
                                  v_core .......|.. 7.16278e+07 in (1,1e+08)
                                v_corona ..|....... 2.28047e+07 in (1,1e+08)
step 9 cost 16377583.619(61)
                    data_0 d_penetration .......|..   0.996373 in (0.75,1.1)
                    data_1 d_penetration .|........   0.803395 in (0.75,1.1)
                      data_0 length_core |.........    60.7209 in (20,1000)
                      data_1 length_core ..|.......      244.9 in (20,1000)
                   data_0 length_core_pd |.........  0.0381615 in (0,0.5)
                   data_1 length_core_pd ...|......   0.193351 in (0,0.5)
                         data_0 n_aggreg ....|.....    167.678 in (1,400)
                         data_1 n_aggreg .|........    66.1102 in (1,400)
                      data_0 radius_core .......|..    157.594 in (20,200)
                      data_1 radius_core ......|...    135.051 in (20,200)
                   data_0 radius_core_pd ........|.   0.429954 in (0,0.5)
                   data_1 radius_core_pd ........|.   0.447407 in (0,0.5)
                               data_0 rg .........|      182.1 in (0,200)
                               data_1 rg .....|....    116.687 in (0,200)
                            data_0 rg_pd .....|....   0.153161 in (0,0.3)
                            data_1 rg_pd |.........  0.0155853 in (0,0.3)
                            data_0 scale ..|....... 2.13067e-06 in (1e-15,1e-05)
                            data_1 scale |......... 5.50469e-07 in (1e-15,1e-05)
                                  v_core .......|.. 7.16278e+07 in (1,1e+08)
                                v_corona ..|....... 2.28047e+07 in (1,1e+08)
step 10 cost 16377583.619(61)
                    data_0 d_penetration .......|..   0.996373 in (0.75,1.1)
                    data_1 d_penetration .|........   0.803395 in (0.75,1.1)
                      data_0 length_core |.........    60.7209 in (20,1000)
                      data_1 length_core ..|.......      244.9 in (20,1000)
                   data_0 length_core_pd |.........  0.0381615 in (0,0.5)
                   data_1 length_core_pd ...|......   0.193351 in (0,0.5)
                         data_0 n_aggreg ....|.....    167.678 in (1,400)
                         data_1 n_aggreg .|........    66.1102 in (1,400)
                      data_0 radius_core .......|..    157.594 in (20,200)
                      data_1 radius_core ......|...    135.051 in (20,200)
                   data_0 radius_core_pd ........|.   0.429954 in (0,0.5)
                   data_1 radius_core_pd ........|.   0.447407 in (0,0.5)
                               data_0 rg .........|      182.1 in (0,200)
                               data_1 rg .....|....    116.687 in (0,200)
                            data_0 rg_pd .....|....   0.153161 in (0,0.3)
                            data_1 rg_pd |.........  0.0155853 in (0,0.3)
                            data_0 scale ..|....... 2.13067e-06 in (1e-15,1e-05)
                            data_1 scale |......... 5.50469e-07 in (1e-15,1e-05)
                                  v_core .......|.. 7.16278e+07 in (1,1e+08)
                                v_corona ..|....... 2.28047e+07 in (1,1e+08)
step 11 cost 16377583.619(61)
                    data_0 d_penetration .......|..   0.996373 in (0.75,1.1)
                    data_1 d_penetration .|........   0.803395 in (0.75,1.1)
                      data_0 length_core |.........    60.7209 in (20,1000)
                      data_1 length_core ..|.......      244.9 in (20,1000)
                   data_0 length_core_pd |.........  0.0381615 in (0,0.5)
                   data_1 length_core_pd ...|......   0.193351 in (0,0.5)
                         data_0 n_aggreg ....|.....    167.678 in (1,400)
                         data_1 n_aggreg .|........    66.1102 in (1,400)
                      data_0 radius_core .......|..    157.594 in (20,200)
                      data_1 radius_core ......|...    135.051 in (20,200)
                   data_0 radius_core_pd ........|.   0.429954 in (0,0.5)
                   data_1 radius_core_pd ........|.   0.447407 in (0,0.5)
                               data_0 rg .........|      182.1 in (0,200)
                               data_1 rg .....|....    116.687 in (0,200)
                            data_0 rg_pd .....|....   0.153161 in (0,0.3)
                            data_1 rg_pd |.........  0.0155853 in (0,0.3)
                            data_0 scale ..|....... 2.13067e-06 in (1e-15,1e-05)
                            data_1 scale |......... 5.50469e-07 in (1e-15,1e-05)
                                  v_core .......|.. 7.16278e+07 in (1,1e+08)
                                v_corona ..|....... 2.28047e+07 in (1,1e+08)
step 12 cost 12350698.093(61)
                    data_0 d_penetration ......|...   0.976045 in (0.75,1.1)
                    data_1 d_penetration .|........   0.799211 in (0.75,1.1)
                      data_0 length_core .|........    150.723 in (20,1000)
                      data_1 length_core ..|.......     226.35 in (20,1000)
                   data_0 length_core_pd .|........  0.0891546 in (0,0.5)
                   data_1 length_core_pd ...|......   0.190657 in (0,0.5)
                         data_0 n_aggreg .....|....    229.763 in (1,400)
                         data_1 n_aggreg .|........    47.7802 in (1,400)
                      data_0 radius_core ........|.    169.985 in (20,200)
                      data_1 radius_core ......|...    131.636 in (20,200)
                   data_0 radius_core_pd .........|    0.47431 in (0,0.5)
                   data_1 radius_core_pd ........|.    0.41891 in (0,0.5)
                               data_0 rg ........|.    163.487 in (0,200)
                               data_1 rg ......|...    138.035 in (0,200)
                            data_0 rg_pd .....|....   0.168919 in (0,0.3)
                            data_1 rg_pd .|........  0.0328006 in (0,0.3)
                            data_0 scale |......... 9.31595e-07 in (1e-15,1e-05)
                            data_1 scale .|........ 1.15973e-06 in (1e-15,1e-05)
                                  v_core .......|.. 7.22504e+07 in (1,1e+08)
                                v_corona ..|....... 2.28439e+07 in (1,1e+08)
step 13 cost 12350698.093(61)
                    data_0 d_penetration ......|...   0.976045 in (0.75,1.1)
                    data_1 d_penetration .|........   0.799211 in (0.75,1.1)
                      data_0 length_core .|........    150.723 in (20,1000)
                      data_1 length_core ..|.......     226.35 in (20,1000)
                   data_0 length_core_pd .|........  0.0891546 in (0,0.5)
                   data_1 length_core_pd ...|......   0.190657 in (0,0.5)
                         data_0 n_aggreg .....|....    229.763 in (1,400)
                         data_1 n_aggreg .|........    47.7802 in (1,400)
                      data_0 radius_core ........|.    169.985 in (20,200)
                      data_1 radius_core ......|...    131.636 in (20,200)
                   data_0 radius_core_pd .........|    0.47431 in (0,0.5)
                   data_1 radius_core_pd ........|.    0.41891 in (0,0.5)
                               data_0 rg ........|.    163.487 in (0,200)
                               data_1 rg ......|...    138.035 in (0,200)
                            data_0 rg_pd .....|....   0.168919 in (0,0.3)
                            data_1 rg_pd .|........  0.0328006 in (0,0.3)
                            data_0 scale |......... 9.31595e-07 in (1e-15,1e-05)
                            data_1 scale .|........ 1.15973e-06 in (1e-15,1e-05)
                                  v_core .......|.. 7.22504e+07 in (1,1e+08)
                                v_corona ..|....... 2.28439e+07 in (1,1e+08)
step 14 cost 12350698.093(61)
                    data_0 d_penetration ......|...   0.976045 in (0.75,1.1)
                    data_1 d_penetration .|........   0.799211 in (0.75,1.1)
                      data_0 length_core .|........    150.723 in (20,1000)
                      data_1 length_core ..|.......     226.35 in (20,1000)
                   data_0 length_core_pd .|........  0.0891546 in (0,0.5)
                   data_1 length_core_pd ...|......   0.190657 in (0,0.5)
                         data_0 n_aggreg .....|....    229.763 in (1,400)
                         data_1 n_aggreg .|........    47.7802 in (1,400)
                      data_0 radius_core ........|.    169.985 in (20,200)
                      data_1 radius_core ......|...    131.636 in (20,200)
                   data_0 radius_core_pd .........|    0.47431 in (0,0.5)
                   data_1 radius_core_pd ........|.    0.41891 in (0,0.5)
                               data_0 rg ........|.    163.487 in (0,200)
                               data_1 rg ......|...    138.035 in (0,200)
                            data_0 rg_pd .....|....   0.168919 in (0,0.3)
                            data_1 rg_pd .|........  0.0328006 in (0,0.3)
                            data_0 scale |......... 9.31595e-07 in (1e-15,1e-05)
                            data_1 scale .|........ 1.15973e-06 in (1e-15,1e-05)
                                  v_core .......|.. 7.22504e+07 in (1,1e+08)
                                v_corona ..|....... 2.28439e+07 in (1,1e+08)
step 15 cost 12350698.093(61)
                    data_0 d_penetration ......|...   0.976045 in (0.75,1.1)
                    data_1 d_penetration .|........   0.799211 in (0.75,1.1)
                      data_0 length_core .|........    150.723 in (20,1000)
                      data_1 length_core ..|.......     226.35 in (20,1000)
                   data_0 length_core_pd .|........  0.0891546 in (0,0.5)
                   data_1 length_core_pd ...|......   0.190657 in (0,0.5)
                         data_0 n_aggreg .....|....    229.763 in (1,400)
                         data_1 n_aggreg .|........    47.7802 in (1,400)
                      data_0 radius_core ........|.    169.985 in (20,200)
                      data_1 radius_core ......|...    131.636 in (20,200)
                   data_0 radius_core_pd .........|    0.47431 in (0,0.5)
                   data_1 radius_core_pd ........|.    0.41891 in (0,0.5)
                               data_0 rg ........|.    163.487 in (0,200)
                               data_1 rg ......|...    138.035 in (0,200)
                            data_0 rg_pd .....|....   0.168919 in (0,0.3)
                            data_1 rg_pd .|........  0.0328006 in (0,0.3)
                            data_0 scale |......... 9.31595e-07 in (1e-15,1e-05)
                            data_1 scale .|........ 1.15973e-06 in (1e-15,1e-05)
                                  v_core .......|.. 7.22504e+07 in (1,1e+08)
                                v_corona ..|....... 2.28439e+07 in (1,1e+08)
step 16 cost 12350698.093(61)
                    data_0 d_penetration ......|...   0.976045 in (0.75,1.1)
                    data_1 d_penetration .|........   0.799211 in (0.75,1.1)
                      data_0 length_core .|........    150.723 in (20,1000)
                      data_1 length_core ..|.......     226.35 in (20,1000)
                   data_0 length_core_pd .|........  0.0891546 in (0,0.5)
                   data_1 length_core_pd ...|......   0.190657 in (0,0.5)
                         data_0 n_aggreg .....|....    229.763 in (1,400)
                         data_1 n_aggreg .|........    47.7802 in (1,400)
                      data_0 radius_core ........|.    169.985 in (20,200)
                      data_1 radius_core ......|...    131.636 in (20,200)
                   data_0 radius_core_pd .........|    0.47431 in (0,0.5)
                   data_1 radius_core_pd ........|.    0.41891 in (0,0.5)
                               data_0 rg ........|.    163.487 in (0,200)
                               data_1 rg ......|...    138.035 in (0,200)
                            data_0 rg_pd .....|....   0.168919 in (0,0.3)
                            data_1 rg_pd .|........  0.0328006 in (0,0.3)
                            data_0 scale |......... 9.31595e-07 in (1e-15,1e-05)
                            data_1 scale .|........ 1.15973e-06 in (1e-15,1e-05)
                                  v_core .......|.. 7.22504e+07 in (1,1e+08)
                                v_corona ..|....... 2.28439e+07 in (1,1e+08)
step 17 cost 12350698.093(61)
                    data_0 d_penetration ......|...   0.976045 in (0.75,1.1)
                    data_1 d_penetration .|........   0.799211 in (0.75,1.1)
                      data_0 length_core .|........    150.723 in (20,1000)
                      data_1 length_core ..|.......     226.35 in (20,1000)
                   data_0 length_core_pd .|........  0.0891546 in (0,0.5)
                   data_1 length_core_pd ...|......   0.190657 in (0,0.5)
                         data_0 n_aggreg .....|....    229.763 in (1,400)
                         data_1 n_aggreg .|........    47.7802 in (1,400)
                      data_0 radius_core ........|.    169.985 in (20,200)
                      data_1 radius_core ......|...    131.636 in (20,200)
                   data_0 radius_core_pd .........|    0.47431 in (0,0.5)
                   data_1 radius_core_pd ........|.    0.41891 in (0,0.5)
                               data_0 rg ........|.    163.487 in (0,200)
                               data_1 rg ......|...    138.035 in (0,200)
                            data_0 rg_pd .....|....   0.168919 in (0,0.3)
                            data_1 rg_pd .|........  0.0328006 in (0,0.3)
                            data_0 scale |......... 9.31595e-07 in (1e-15,1e-05)
                            data_1 scale .|........ 1.15973e-06 in (1e-15,1e-05)
                                  v_core .......|.. 7.22504e+07 in (1,1e+08)
                                v_corona ..|....... 2.28439e+07 in (1,1e+08)
step 18 cost 12350698.093(61)
                    data_0 d_penetration ......|...   0.976045 in (0.75,1.1)
                    data_1 d_penetration .|........   0.799211 in (0.75,1.1)
                      data_0 length_core .|........    150.723 in (20,1000)
                      data_1 length_core ..|.......     226.35 in (20,1000)
                   data_0 length_core_pd .|........  0.0891546 in (0,0.5)
                   data_1 length_core_pd ...|......   0.190657 in (0,0.5)
                         data_0 n_aggreg .....|....    229.763 in (1,400)
                         data_1 n_aggreg .|........    47.7802 in (1,400)
                      data_0 radius_core ........|.    169.985 in (20,200)
                      data_1 radius_core ......|...    131.636 in (20,200)
                   data_0 radius_core_pd .........|    0.47431 in (0,0.5)
                   data_1 radius_core_pd ........|.    0.41891 in (0,0.5)
                               data_0 rg ........|.    163.487 in (0,200)
                               data_1 rg ......|...    138.035 in (0,200)
                            data_0 rg_pd .....|....   0.168919 in (0,0.3)
                            data_1 rg_pd .|........  0.0328006 in (0,0.3)
                            data_0 scale |......... 9.31595e-07 in (1e-15,1e-05)
                            data_1 scale .|........ 1.15973e-06 in (1e-15,1e-05)
                                  v_core .......|.. 7.22504e+07 in (1,1e+08)
                                v_corona ..|....... 2.28439e+07 in (1,1e+08)
step 19 cost 12350698.093(61)
                    data_0 d_penetration ......|...   0.976045 in (0.75,1.1)
                    data_1 d_penetration .|........   0.799211 in (0.75,1.1)
                      data_0 length_core .|........    150.723 in (20,1000)
                      data_1 length_core ..|.......     226.35 in (20,1000)
                   data_0 length_core_pd .|........  0.0891546 in (0,0.5)
                   data_1 length_core_pd ...|......   0.190657 in (0,0.5)
                         data_0 n_aggreg .....|....    229.763 in (1,400)
                         data_1 n_aggreg .|........    47.7802 in (1,400)
                      data_0 radius_core ........|.    169.985 in (20,200)
                      data_1 radius_core ......|...    131.636 in (20,200)
                   data_0 radius_core_pd .........|    0.47431 in (0,0.5)
                   data_1 radius_core_pd ........|.    0.41891 in (0,0.5)
                               data_0 rg ........|.    163.487 in (0,200)
                               data_1 rg ......|...    138.035 in (0,200)
                            data_0 rg_pd .....|....   0.168919 in (0,0.3)
                            data_1 rg_pd .|........  0.0328006 in (0,0.3)
                            data_0 scale |......... 9.31595e-07 in (1e-15,1e-05)
                            data_1 scale .|........ 1.15973e-06 in (1e-15,1e-05)
                                  v_core .......|.. 7.22504e+07 in (1,1e+08)
                                v_corona ..|....... 2.28439e+07 in (1,1e+08)
step 20 cost 12350698.093(61)
                    data_0 d_penetration ......|...   0.976045 in (0.75,1.1)
                    data_1 d_penetration .|........   0.799211 in (0.75,1.1)
                      data_0 length_core .|........    150.723 in (20,1000)
                      data_1 length_core ..|.......     226.35 in (20,1000)
                   data_0 length_core_pd .|........  0.0891546 in (0,0.5)
                   data_1 length_core_pd ...|......   0.190657 in (0,0.5)
                         data_0 n_aggreg .....|....    229.763 in (1,400)
                         data_1 n_aggreg .|........    47.7802 in (1,400)
                      data_0 radius_core ........|.    169.985 in (20,200)
                      data_1 radius_core ......|...    131.636 in (20,200)
                   data_0 radius_core_pd .........|    0.47431 in (0,0.5)
                   data_1 radius_core_pd ........|.    0.41891 in (0,0.5)
                               data_0 rg ........|.    163.487 in (0,200)
                               data_1 rg ......|...    138.035 in (0,200)
                            data_0 rg_pd .....|....   0.168919 in (0,0.3)
                            data_1 rg_pd .|........  0.0328006 in (0,0.3)
                            data_0 scale |......... 9.31595e-07 in (1e-15,1e-05)
                            data_1 scale .|........ 1.15973e-06 in (1e-15,1e-05)
                                  v_core .......|.. 7.22504e+07 in (1,1e+08)
                                v_corona ..|....... 2.28439e+07 in (1,1e+08)
step 21 cost 12350698.093(61)
                    data_0 d_penetration ......|...   0.976045 in (0.75,1.1)
                    data_1 d_penetration .|........   0.799211 in (0.75,1.1)
                      data_0 length_core .|........    150.723 in (20,1000)
                      data_1 length_core ..|.......     226.35 in (20,1000)
                   data_0 length_core_pd .|........  0.0891546 in (0,0.5)
                   data_1 length_core_pd ...|......   0.190657 in (0,0.5)
                         data_0 n_aggreg .....|....    229.763 in (1,400)
                         data_1 n_aggreg .|........    47.7802 in (1,400)
                      data_0 radius_core ........|.    169.985 in (20,200)
                      data_1 radius_core ......|...    131.636 in (20,200)
                   data_0 radius_core_pd .........|    0.47431 in (0,0.5)
                   data_1 radius_core_pd ........|.    0.41891 in (0,0.5)
                               data_0 rg ........|.    163.487 in (0,200)
                               data_1 rg ......|...    138.035 in (0,200)
                            data_0 rg_pd .....|....   0.168919 in (0,0.3)
                            data_1 rg_pd .|........  0.0328006 in (0,0.3)
                            data_0 scale |......... 9.31595e-07 in (1e-15,1e-05)
                            data_1 scale .|........ 1.15973e-06 in (1e-15,1e-05)
                                  v_core .......|.. 7.22504e+07 in (1,1e+08)
                                v_corona ..|....... 2.28439e+07 in (1,1e+08)
step 22 cost 12350698.093(61)
                    data_0 d_penetration ......|...   0.976045 in (0.75,1.1)
                    data_1 d_penetration .|........   0.799211 in (0.75,1.1)
                      data_0 length_core .|........    150.723 in (20,1000)
                      data_1 length_core ..|.......     226.35 in (20,1000)
                   data_0 length_core_pd .|........  0.0891546 in (0,0.5)
                   data_1 length_core_pd ...|......   0.190657 in (0,0.5)
                         data_0 n_aggreg .....|....    229.763 in (1,400)
                         data_1 n_aggreg .|........    47.7802 in (1,400)
                      data_0 radius_core ........|.    169.985 in (20,200)
                      data_1 radius_core ......|...    131.636 in (20,200)
                   data_0 radius_core_pd .........|    0.47431 in (0,0.5)
                   data_1 radius_core_pd ........|.    0.41891 in (0,0.5)
                               data_0 rg ........|.    163.487 in (0,200)
                               data_1 rg ......|...    138.035 in (0,200)
                            data_0 rg_pd .....|....   0.168919 in (0,0.3)
                            data_1 rg_pd .|........  0.0328006 in (0,0.3)
                            data_0 scale |......... 9.31595e-07 in (1e-15,1e-05)
                            data_1 scale .|........ 1.15973e-06 in (1e-15,1e-05)
                                  v_core .......|.. 7.22504e+07 in (1,1e+08)
                                v_corona ..|....... 2.28439e+07 in (1,1e+08)
step 23 cost 12350698.093(61)
                    data_0 d_penetration ......|...   0.976045 in (0.75,1.1)
                    data_1 d_penetration .|........   0.799211 in (0.75,1.1)
                      data_0 length_core .|........    150.723 in (20,1000)
                      data_1 length_core ..|.......     226.35 in (20,1000)
                   data_0 length_core_pd .|........  0.0891546 in (0,0.5)
                   data_1 length_core_pd ...|......   0.190657 in (0,0.5)
                         data_0 n_aggreg .....|....    229.763 in (1,400)
                         data_1 n_aggreg .|........    47.7802 in (1,400)
                      data_0 radius_core ........|.    169.985 in (20,200)
                      data_1 radius_core ......|...    131.636 in (20,200)
                   data_0 radius_core_pd .........|    0.47431 in (0,0.5)
                   data_1 radius_core_pd ........|.    0.41891 in (0,0.5)
                               data_0 rg ........|.    163.487 in (0,200)
                               data_1 rg ......|...    138.035 in (0,200)
                            data_0 rg_pd .....|....   0.168919 in (0,0.3)
                            data_1 rg_pd .|........  0.0328006 in (0,0.3)
                            data_0 scale |......... 9.31595e-07 in (1e-15,1e-05)
                            data_1 scale .|........ 1.15973e-06 in (1e-15,1e-05)
                                  v_core .......|.. 7.22504e+07 in (1,1e+08)
                                v_corona ..|....... 2.28439e+07 in (1,1e+08)
step 24 cost 12350698.093(61)
                    data_0 d_penetration ......|...   0.976045 in (0.75,1.1)
                    data_1 d_penetration .|........   0.799211 in (0.75,1.1)
                      data_0 length_core .|........    150.723 in (20,1000)
                      data_1 length_core ..|.......     226.35 in (20,1000)
                   data_0 length_core_pd .|........  0.0891546 in (0,0.5)
                   data_1 length_core_pd ...|......   0.190657 in (0,0.5)
                         data_0 n_aggreg .....|....    229.763 in (1,400)
                         data_1 n_aggreg .|........    47.7802 in (1,400)
                      data_0 radius_core ........|.    169.985 in (20,200)
                      data_1 radius_core ......|...    131.636 in (20,200)
                   data_0 radius_core_pd .........|    0.47431 in (0,0.5)
                   data_1 radius_core_pd ........|.    0.41891 in (0,0.5)
                               data_0 rg ........|.    163.487 in (0,200)
                               data_1 rg ......|...    138.035 in (0,200)
                            data_0 rg_pd .....|....   0.168919 in (0,0.3)
                            data_1 rg_pd .|........  0.0328006 in (0,0.3)
                            data_0 scale |......... 9.31595e-07 in (1e-15,1e-05)
                            data_1 scale .|........ 1.15973e-06 in (1e-15,1e-05)
                                  v_core .......|.. 7.22504e+07 in (1,1e+08)
                                v_corona ..|....... 2.28439e+07 in (1,1e+08)
step 25 cost 12350698.093(61)
                    data_0 d_penetration ......|...   0.976045 in (0.75,1.1)
                    data_1 d_penetration .|........   0.799211 in (0.75,1.1)
                      data_0 length_core .|........    150.723 in (20,1000)
                      data_1 length_core ..|.......     226.35 in (20,1000)
                   data_0 length_core_pd .|........  0.0891546 in (0,0.5)
                   data_1 length_core_pd ...|......   0.190657 in (0,0.5)
                         data_0 n_aggreg .....|....    229.763 in (1,400)
                         data_1 n_aggreg .|........    47.7802 in (1,400)
                      data_0 radius_core ........|.    169.985 in (20,200)
                      data_1 radius_core ......|...    131.636 in (20,200)
                   data_0 radius_core_pd .........|    0.47431 in (0,0.5)
                   data_1 radius_core_pd ........|.    0.41891 in (0,0.5)
                               data_0 rg ........|.    163.487 in (0,200)
                               data_1 rg ......|...    138.035 in (0,200)
                            data_0 rg_pd .....|....   0.168919 in (0,0.3)
                            data_1 rg_pd .|........  0.0328006 in (0,0.3)
                            data_0 scale |......... 9.31595e-07 in (1e-15,1e-05)
                            data_1 scale .|........ 1.15973e-06 in (1e-15,1e-05)
                                  v_core .......|.. 7.22504e+07 in (1,1e+08)
                                v_corona ..|....... 2.28439e+07 in (1,1e+08)
step 26 cost 12350698.093(61)
                    data_0 d_penetration ......|...   0.976045 in (0.75,1.1)
                    data_1 d_penetration .|........   0.799211 in (0.75,1.1)
                      data_0 length_core .|........    150.723 in (20,1000)
                      data_1 length_core ..|.......     226.35 in (20,1000)
                   data_0 length_core_pd .|........  0.0891546 in (0,0.5)
                   data_1 length_core_pd ...|......   0.190657 in (0,0.5)
                         data_0 n_aggreg .....|....    229.763 in (1,400)
                         data_1 n_aggreg .|........    47.7802 in (1,400)
                      data_0 radius_core ........|.    169.985 in (20,200)
                      data_1 radius_core ......|...    131.636 in (20,200)
                   data_0 radius_core_pd .........|    0.47431 in (0,0.5)
                   data_1 radius_core_pd ........|.    0.41891 in (0,0.5)
                               data_0 rg ........|.    163.487 in (0,200)
                               data_1 rg ......|...    138.035 in (0,200)
                            data_0 rg_pd .....|....   0.168919 in (0,0.3)
                            data_1 rg_pd .|........  0.0328006 in (0,0.3)
                            data_0 scale |......... 9.31595e-07 in (1e-15,1e-05)
                            data_1 scale .|........ 1.15973e-06 in (1e-15,1e-05)
                                  v_core .......|.. 7.22504e+07 in (1,1e+08)
                                v_corona ..|....... 2.28439e+07 in (1,1e+08)
step 27 cost 12350698.093(61)
                    data_0 d_penetration ......|...   0.976045 in (0.75,1.1)
                    data_1 d_penetration .|........   0.799211 in (0.75,1.1)
                      data_0 length_core .|........    150.723 in (20,1000)
                      data_1 length_core ..|.......     226.35 in (20,1000)
                   data_0 length_core_pd .|........  0.0891546 in (0,0.5)
                   data_1 length_core_pd ...|......   0.190657 in (0,0.5)
                         data_0 n_aggreg .....|....    229.763 in (1,400)
                         data_1 n_aggreg .|........    47.7802 in (1,400)
                      data_0 radius_core ........|.    169.985 in (20,200)
                      data_1 radius_core ......|...    131.636 in (20,200)
                   data_0 radius_core_pd .........|    0.47431 in (0,0.5)
                   data_1 radius_core_pd ........|.    0.41891 in (0,0.5)
                               data_0 rg ........|.    163.487 in (0,200)
                               data_1 rg ......|...    138.035 in (0,200)
                            data_0 rg_pd .....|....   0.168919 in (0,0.3)
                            data_1 rg_pd .|........  0.0328006 in (0,0.3)
                            data_0 scale |......... 9.31595e-07 in (1e-15,1e-05)
                            data_1 scale .|........ 1.15973e-06 in (1e-15,1e-05)
                                  v_core .......|.. 7.22504e+07 in (1,1e+08)
                                v_corona ..|....... 2.28439e+07 in (1,1e+08)
step 28 cost 9743538.167(61)
                    data_0 d_penetration ......|...   0.961932 in (0.75,1.1)
                    data_1 d_penetration |.........   0.782823 in (0.75,1.1)
                      data_0 length_core .|........    214.713 in (20,1000)
                      data_1 length_core .|........    189.996 in (20,1000)
                   data_0 length_core_pd .|........   0.076733 in (0,0.5)
                   data_1 length_core_pd ...|......   0.195493 in (0,0.5)
                         data_0 n_aggreg .....|....     215.62 in (1,400)
                         data_1 n_aggreg .|........    59.9149 in (1,400)
                      data_0 radius_core .......|..    161.874 in (20,200)
                      data_1 radius_core .....|....    121.213 in (20,200)
                   data_0 radius_core_pd .........|   0.455724 in (0,0.5)
                   data_1 radius_core_pd ........|.   0.429555 in (0,0.5)
                               data_0 rg .......|..    153.711 in (0,200)
                               data_1 rg .......|..    149.667 in (0,200)
                            data_0 rg_pd .....|....   0.170859 in (0,0.3)
                            data_1 rg_pd |......... 0.00513863 in (0,0.3)
                            data_0 scale |......... 8.25791e-07 in (1e-15,1e-05)
                            data_1 scale |......... 9.79829e-07 in (1e-15,1e-05)
                                  v_core .......|.. 7.64296e+07 in (1,1e+08)
                                v_corona .|........ 1.4831e+07 in (1,1e+08)
step 29 cost 9743538.167(61)
                    data_0 d_penetration ......|...   0.961932 in (0.75,1.1)
                    data_1 d_penetration |.........   0.782823 in (0.75,1.1)
                      data_0 length_core .|........    214.713 in (20,1000)
                      data_1 length_core .|........    189.996 in (20,1000)
                   data_0 length_core_pd .|........   0.076733 in (0,0.5)
                   data_1 length_core_pd ...|......   0.195493 in (0,0.5)
                         data_0 n_aggreg .....|....     215.62 in (1,400)
                         data_1 n_aggreg .|........    59.9149 in (1,400)
                      data_0 radius_core .......|..    161.874 in (20,200)
                      data_1 radius_core .....|....    121.213 in (20,200)
                   data_0 radius_core_pd .........|   0.455724 in (0,0.5)
                   data_1 radius_core_pd ........|.   0.429555 in (0,0.5)
                               data_0 rg .......|..    153.711 in (0,200)
                               data_1 rg .......|..    149.667 in (0,200)
                            data_0 rg_pd .....|....   0.170859 in (0,0.3)
                            data_1 rg_pd |......... 0.00513863 in (0,0.3)
                            data_0 scale |......... 8.25791e-07 in (1e-15,1e-05)
                            data_1 scale |......... 9.79829e-07 in (1e-15,1e-05)
                                  v_core .......|.. 7.64296e+07 in (1,1e+08)
                                v_corona .|........ 1.4831e+07 in (1,1e+08)
step 30 cost 9743538.167(61)
                    data_0 d_penetration ......|...   0.961932 in (0.75,1.1)
                    data_1 d_penetration |.........   0.782823 in (0.75,1.1)
                      data_0 length_core .|........    214.713 in (20,1000)
                      data_1 length_core .|........    189.996 in (20,1000)
                   data_0 length_core_pd .|........   0.076733 in (0,0.5)
                   data_1 length_core_pd ...|......   0.195493 in (0,0.5)
                         data_0 n_aggreg .....|....     215.62 in (1,400)
                         data_1 n_aggreg .|........    59.9149 in (1,400)
                      data_0 radius_core .......|..    161.874 in (20,200)
                      data_1 radius_core .....|....    121.213 in (20,200)
                   data_0 radius_core_pd .........|   0.455724 in (0,0.5)
                   data_1 radius_core_pd ........|.   0.429555 in (0,0.5)
                               data_0 rg .......|..    153.711 in (0,200)
                               data_1 rg .......|..    149.667 in (0,200)
                            data_0 rg_pd .....|....   0.170859 in (0,0.3)
                            data_1 rg_pd |......... 0.00513863 in (0,0.3)
                            data_0 scale |......... 8.25791e-07 in (1e-15,1e-05)
                            data_1 scale |......... 9.79829e-07 in (1e-15,1e-05)
                                  v_core .......|.. 7.64296e+07 in (1,1e+08)
                                v_corona .|........ 1.4831e+07 in (1,1e+08)
step 31 cost 9743538.167(61)
                    data_0 d_penetration ......|...   0.961932 in (0.75,1.1)
                    data_1 d_penetration |.........   0.782823 in (0.75,1.1)
                      data_0 length_core .|........    214.713 in (20,1000)
                      data_1 length_core .|........    189.996 in (20,1000)
                   data_0 length_core_pd .|........   0.076733 in (0,0.5)
                   data_1 length_core_pd ...|......   0.195493 in (0,0.5)
                         data_0 n_aggreg .....|....     215.62 in (1,400)
                         data_1 n_aggreg .|........    59.9149 in (1,400)
                      data_0 radius_core .......|..    161.874 in (20,200)
                      data_1 radius_core .....|....    121.213 in (20,200)
                   data_0 radius_core_pd .........|   0.455724 in (0,0.5)
                   data_1 radius_core_pd ........|.   0.429555 in (0,0.5)
                               data_0 rg .......|..    153.711 in (0,200)
                               data_1 rg .......|..    149.667 in (0,200)
                            data_0 rg_pd .....|....   0.170859 in (0,0.3)
                            data_1 rg_pd |......... 0.00513863 in (0,0.3)
                            data_0 scale |......... 8.25791e-07 in (1e-15,1e-05)
                            data_1 scale |......... 9.79829e-07 in (1e-15,1e-05)
                                  v_core .......|.. 7.64296e+07 in (1,1e+08)
                                v_corona .|........ 1.4831e+07 in (1,1e+08)
step 32 cost 9743538.167(61)
                    data_0 d_penetration ......|...   0.961932 in (0.75,1.1)
                    data_1 d_penetration |.........   0.782823 in (0.75,1.1)
                      data_0 length_core .|........    214.713 in (20,1000)
                      data_1 length_core .|........    189.996 in (20,1000)
                   data_0 length_core_pd .|........   0.076733 in (0,0.5)
                   data_1 length_core_pd ...|......   0.195493 in (0,0.5)
                         data_0 n_aggreg .....|....     215.62 in (1,400)
                         data_1 n_aggreg .|........    59.9149 in (1,400)
                      data_0 radius_core .......|..    161.874 in (20,200)
                      data_1 radius_core .....|....    121.213 in (20,200)
                   data_0 radius_core_pd .........|   0.455724 in (0,0.5)
                   data_1 radius_core_pd ........|.   0.429555 in (0,0.5)
                               data_0 rg .......|..    153.711 in (0,200)
                               data_1 rg .......|..    149.667 in (0,200)
                            data_0 rg_pd .....|....   0.170859 in (0,0.3)
                            data_1 rg_pd |......... 0.00513863 in (0,0.3)
                            data_0 scale |......... 8.25791e-07 in (1e-15,1e-05)
                            data_1 scale |......... 9.79829e-07 in (1e-15,1e-05)
                                  v_core .......|.. 7.64296e+07 in (1,1e+08)
                                v_corona .|........ 1.4831e+07 in (1,1e+08)
step 33 cost 6366056.620(61)
                    data_0 d_penetration ...|......    0.88989 in (0.75,1.1)
                    data_1 d_penetration ........|.    1.05317 in (0.75,1.1)
                      data_0 length_core ..|.......    253.083 in (20,1000)
                      data_1 length_core .....|....    523.519 in (20,1000)
                   data_0 length_core_pd ........|.   0.415685 in (0,0.5)
                   data_1 length_core_pd ........|.   0.432924 in (0,0.5)
                         data_0 n_aggreg ...|......    122.366 in (1,400)
                         data_1 n_aggreg |.........    38.6338 in (1,400)
                      data_0 radius_core ....|.....    94.3313 in (20,200)
                      data_1 radius_core ...|......    78.7277 in (20,200)
                   data_0 radius_core_pd |.........  0.0388597 in (0,0.5)
                   data_1 radius_core_pd ......|...   0.306721 in (0,0.5)
                               data_0 rg .....|....    111.082 in (0,200)
                               data_1 rg .......|..     147.28 in (0,200)
                            data_0 rg_pd ....|.....   0.127368 in (0,0.3)
                            data_1 rg_pd ....|.....   0.147846 in (0,0.3)
                            data_0 scale |.........  6.374e-07 in (1e-15,1e-05)
                            data_1 scale |......... 5.6294e-07 in (1e-15,1e-05)
                                  v_core .....|.... 5.41691e+07 in (1,1e+08)
                                v_corona |......... 9.32155e+06 in (1,1e+08)
