Saving the results to ./test/
Fitting 1/19
Fitting the following sample : 
       Goal  Sample                Name  ... Unnamed: 19 Highq_trim.1  lowq_trim.1
97  Sample     139  PEG50F50_10_dTHF50  ...         NaN          120           20

[1 rows x 22 columns]
Using the following model for fitting : 
 spherical_micelle
step 1 cost 17360.172(37)
                           d_penetration .........|   0.989479 in (0.75,1)
                             radius_core ....|.....    97.6922 in (20,200)
                          radius_core_pd ...|......   0.159095 in (0,0.5)
                                      rg ..|.......    40.7929 in (0,200)
                                   scale |......... 6.94137e-07 in (1e-15,1e-05)
                                  v_core .......|..    7057.63 in (0,inf)
final chisq 8786.655(37)
=== Uncertainty from curvature:     name   value(unc.) ===
                           d_penetration   0.9468(47)     
                             radius_core   34.099(34)     
                          radius_core_pd   0.2248(18)     
                                      rg   153.73(73)     
                                   scale   3.5563(87)e-6  
                                  v_core   398.41(81)     
==========================================================
Final fitting parameters for :  P50F50_10dTHF50.sub
Parameter Name	Fitted value
scale 	 3.56e-06
v_core 	 3.98e+02
radius_core 	 3.41e+01
radius_core_pd 	 2.25e-01
rg 	 1.54e+02
d_penetration 	 9.47e-01
Total fitting time : 0:00:06.674639
