Saving the results to ./results_cyl/
Fitting 1/4
Fitting the following sample : 
       Goal  Sample                 Name  ... Unnamed: 19 Highq_trim.1  lowq_trim.1
10  Sample     132  DEG50F25b_10_dTHF75  ...         NaN          100            8

[1 rows x 22 columns]
Using the following model for fitting : 
 cylindrical_micelle
step 1 cost 644733.077(50)
                           d_penetration ......|...   0.920523 in (0.75,1)
                             length_core .|........    148.841 in (20,1000)
                             radius_core .......|..    163.594 in (20,200)
                          radius_core_pd ....|.....   0.222453 in (0,0.5)
                                      rg .....|....    102.235 in (0,200)
                                   scale .|........ 1.0163e-06 in (1e-15,1e-05)
                                  v_core .......|..    5216.34 in (0,inf)
                                v_corona .......|..     413.59 in (0,inf)
step 2 cost 614027.341(50)
                           d_penetration .....|....   0.886681 in (0.75,1)
                             length_core ....|.....    471.726 in (20,1000)
                             radius_core ...|......    86.0039 in (20,200)
                          radius_core_pd |.........  0.0498928 in (0,0.5)
                                      rg ......|...     138.51 in (0,200)
                                   scale .|........ 1.27041e-06 in (1e-15,1e-05)
                                  v_core .......|..    5336.54 in (0,inf)
                                v_corona .......|..    1383.05 in (0,inf)
step 3 cost 614027.341(50)
                           d_penetration .....|....   0.886681 in (0.75,1)
                             length_core ....|.....    471.726 in (20,1000)
                             radius_core ...|......    86.0039 in (20,200)
                          radius_core_pd |.........  0.0498928 in (0,0.5)
                                      rg ......|...     138.51 in (0,200)
                                   scale .|........ 1.27041e-06 in (1e-15,1e-05)
                                  v_core .......|..    5336.54 in (0,inf)
                                v_corona .......|..    1383.05 in (0,inf)
step 4 cost 614027.341(50)
                           d_penetration .....|....   0.886681 in (0.75,1)
                             length_core ....|.....    471.726 in (20,1000)
                             radius_core ...|......    86.0039 in (20,200)
                          radius_core_pd |.........  0.0498928 in (0,0.5)
                                      rg ......|...     138.51 in (0,200)
                                   scale .|........ 1.27041e-06 in (1e-15,1e-05)
                                  v_core .......|..    5336.54 in (0,inf)
                                v_corona .......|..    1383.05 in (0,inf)
step 5 cost 614027.341(50)
                           d_penetration .....|....   0.886681 in (0.75,1)
                             length_core ....|.....    471.726 in (20,1000)
                             radius_core ...|......    86.0039 in (20,200)
                          radius_core_pd |.........  0.0498928 in (0,0.5)
                                      rg ......|...     138.51 in (0,200)
                                   scale .|........ 1.27041e-06 in (1e-15,1e-05)
                                  v_core .......|..    5336.54 in (0,inf)
                                v_corona .......|..    1383.05 in (0,inf)
step 6 cost 614027.341(50)
                           d_penetration .....|....   0.886681 in (0.75,1)
                             length_core ....|.....    471.726 in (20,1000)
                             radius_core ...|......    86.0039 in (20,200)
                          radius_core_pd |.........  0.0498928 in (0,0.5)
                                      rg ......|...     138.51 in (0,200)
                                   scale .|........ 1.27041e-06 in (1e-15,1e-05)
                                  v_core .......|..    5336.54 in (0,inf)
                                v_corona .......|..    1383.05 in (0,inf)
step 10 cost 614027.341(50)
                           d_penetration .....|....   0.886681 in (0.75,1)
                             length_core ....|.....    471.726 in (20,1000)
                             radius_core ...|......    86.0039 in (20,200)
                          radius_core_pd |.........  0.0498928 in (0,0.5)
                                      rg ......|...     138.51 in (0,200)
                                   scale .|........ 1.27041e-06 in (1e-15,1e-05)
                                  v_core .......|..    5336.54 in (0,inf)
                                v_corona .......|..    1383.05 in (0,inf)
step 11 cost 614027.341(50)
                           d_penetration .....|....   0.886681 in (0.75,1)
                             length_core ....|.....    471.726 in (20,1000)
                             radius_core ...|......    86.0039 in (20,200)
                          radius_core_pd |.........  0.0498928 in (0,0.5)
                                      rg ......|...     138.51 in (0,200)
                                   scale .|........ 1.27041e-06 in (1e-15,1e-05)
                                  v_core .......|..    5336.54 in (0,inf)
                                v_corona .......|..    1383.05 in (0,inf)
step 14 cost 614027.341(50)
                           d_penetration .....|....   0.886681 in (0.75,1)
                             length_core ....|.....    471.726 in (20,1000)
                             radius_core ...|......    86.0039 in (20,200)
                          radius_core_pd |.........  0.0498928 in (0,0.5)
                                      rg ......|...     138.51 in (0,200)
                                   scale .|........ 1.27041e-06 in (1e-15,1e-05)
                                  v_core .......|..    5336.54 in (0,inf)
                                v_corona .......|..    1383.05 in (0,inf)
step 17 cost 614027.341(50)
                           d_penetration .....|....   0.886681 in (0.75,1)
                             length_core ....|.....    471.726 in (20,1000)
                             radius_core ...|......    86.0039 in (20,200)
                          radius_core_pd |.........  0.0498928 in (0,0.5)
                                      rg ......|...     138.51 in (0,200)
                                   scale .|........ 1.27041e-06 in (1e-15,1e-05)
                                  v_core .......|..    5336.54 in (0,inf)
                                v_corona .......|..    1383.05 in (0,inf)
step 18 cost 614027.341(50)
                           d_penetration .....|....   0.886681 in (0.75,1)
                             length_core ....|.....    471.726 in (20,1000)
                             radius_core ...|......    86.0039 in (20,200)
                          radius_core_pd |.........  0.0498928 in (0,0.5)
                                      rg ......|...     138.51 in (0,200)
                                   scale .|........ 1.27041e-06 in (1e-15,1e-05)
                                  v_core .......|..    5336.54 in (0,inf)
                                v_corona .......|..    1383.05 in (0,inf)
step 19 cost 614027.341(50)
                           d_penetration .....|....   0.886681 in (0.75,1)
                             length_core ....|.....    471.726 in (20,1000)
                             radius_core ...|......    86.0039 in (20,200)
                          radius_core_pd |.........  0.0498928 in (0,0.5)
                                      rg ......|...     138.51 in (0,200)
                                   scale .|........ 1.27041e-06 in (1e-15,1e-05)
                                  v_core .......|..    5336.54 in (0,inf)
                                v_corona .......|..    1383.05 in (0,inf)
step 21 cost 614027.341(50)
                           d_penetration .....|....   0.886681 in (0.75,1)
                             length_core ....|.....    471.726 in (20,1000)
                             radius_core ...|......    86.0039 in (20,200)
                          radius_core_pd |.........  0.0498928 in (0,0.5)
                                      rg ......|...     138.51 in (0,200)
                                   scale .|........ 1.27041e-06 in (1e-15,1e-05)
                                  v_core .......|..    5336.54 in (0,inf)
                                v_corona .......|..    1383.05 in (0,inf)
step 23 cost 614027.341(50)
                           d_penetration .....|....   0.886681 in (0.75,1)
                             length_core ....|.....    471.726 in (20,1000)
                             radius_core ...|......    86.0039 in (20,200)
                          radius_core_pd |.........  0.0498928 in (0,0.5)
                                      rg ......|...     138.51 in (0,200)
                                   scale .|........ 1.27041e-06 in (1e-15,1e-05)
                                  v_core .......|..    5336.54 in (0,inf)
                                v_corona .......|..    1383.05 in (0,inf)
step 25 cost 614027.341(50)
                           d_penetration .....|....   0.886681 in (0.75,1)
                             length_core ....|.....    471.726 in (20,1000)
                             radius_core ...|......    86.0039 in (20,200)
                          radius_core_pd |.........  0.0498928 in (0,0.5)
                                      rg ......|...     138.51 in (0,200)
                                   scale .|........ 1.27041e-06 in (1e-15,1e-05)
                                  v_core .......|..    5336.54 in (0,inf)
                                v_corona .......|..    1383.05 in (0,inf)
step 26 cost 614027.341(50)
                           d_penetration .....|....   0.886681 in (0.75,1)
                             length_core ....|.....    471.726 in (20,1000)
                             radius_core ...|......    86.0039 in (20,200)
                          radius_core_pd |.........  0.0498928 in (0,0.5)
                                      rg ......|...     138.51 in (0,200)
                                   scale .|........ 1.27041e-06 in (1e-15,1e-05)
                                  v_core .......|..    5336.54 in (0,inf)
                                v_corona .......|..    1383.05 in (0,inf)
step 27 cost 614027.341(50)
                           d_penetration .....|....   0.886681 in (0.75,1)
                             length_core ....|.....    471.726 in (20,1000)
                             radius_core ...|......    86.0039 in (20,200)
                          radius_core_pd |.........  0.0498928 in (0,0.5)
                                      rg ......|...     138.51 in (0,200)
                                   scale .|........ 1.27041e-06 in (1e-15,1e-05)
                                  v_core .......|..    5336.54 in (0,inf)
                                v_corona .......|..    1383.05 in (0,inf)
step 29 cost 614027.341(50)
                           d_penetration .....|....   0.886681 in (0.75,1)
                             length_core ....|.....    471.726 in (20,1000)
                             radius_core ...|......    86.0039 in (20,200)
                          radius_core_pd |.........  0.0498928 in (0,0.5)
                                      rg ......|...     138.51 in (0,200)
                                   scale .|........ 1.27041e-06 in (1e-15,1e-05)
                                  v_core .......|..    5336.54 in (0,inf)
                                v_corona .......|..    1383.05 in (0,inf)
step 30 cost 614027.341(50)
                           d_penetration .....|....   0.886681 in (0.75,1)
                             length_core ....|.....    471.726 in (20,1000)
                             radius_core ...|......    86.0039 in (20,200)
                          radius_core_pd |.........  0.0498928 in (0,0.5)
                                      rg ......|...     138.51 in (0,200)
                                   scale .|........ 1.27041e-06 in (1e-15,1e-05)
                                  v_core .......|..    5336.54 in (0,inf)
                                v_corona .......|..    1383.05 in (0,inf)
step 31 cost 614027.341(50)
                           d_penetration .....|....   0.886681 in (0.75,1)
                             length_core ....|.....    471.726 in (20,1000)
                             radius_core ...|......    86.0039 in (20,200)
                          radius_core_pd |.........  0.0498928 in (0,0.5)
                                      rg ......|...     138.51 in (0,200)
                                   scale .|........ 1.27041e-06 in (1e-15,1e-05)
                                  v_core .......|..    5336.54 in (0,inf)
                                v_corona .......|..    1383.05 in (0,inf)
step 33 cost 614027.341(50)
                           d_penetration .....|....   0.886681 in (0.75,1)
                             length_core ....|.....    471.726 in (20,1000)
                             radius_core ...|......    86.0039 in (20,200)
                          radius_core_pd |.........  0.0498928 in (0,0.5)
                                      rg ......|...     138.51 in (0,200)
                                   scale .|........ 1.27041e-06 in (1e-15,1e-05)
                                  v_core .......|..    5336.54 in (0,inf)
                                v_corona .......|..    1383.05 in (0,inf)
step 34 cost 614027.341(50)
                           d_penetration .....|....   0.886681 in (0.75,1)
                             length_core ....|.....    471.726 in (20,1000)
                             radius_core ...|......    86.0039 in (20,200)
                          radius_core_pd |.........  0.0498928 in (0,0.5)
                                      rg ......|...     138.51 in (0,200)
                                   scale .|........ 1.27041e-06 in (1e-15,1e-05)
                                  v_core .......|..    5336.54 in (0,inf)
                                v_corona .......|..    1383.05 in (0,inf)
step 35 cost 614027.341(50)
                           d_penetration .....|....   0.886681 in (0.75,1)
                             length_core ....|.....    471.726 in (20,1000)
                             radius_core ...|......    86.0039 in (20,200)
                          radius_core_pd |.........  0.0498928 in (0,0.5)
                                      rg ......|...     138.51 in (0,200)
                                   scale .|........ 1.27041e-06 in (1e-15,1e-05)
                                  v_core .......|..    5336.54 in (0,inf)
                                v_corona .......|..    1383.05 in (0,inf)
step 36 cost 614027.341(50)
                           d_penetration .....|....   0.886681 in (0.75,1)
                             length_core ....|.....    471.726 in (20,1000)
                             radius_core ...|......    86.0039 in (20,200)
                          radius_core_pd |.........  0.0498928 in (0,0.5)
                                      rg ......|...     138.51 in (0,200)
                                   scale .|........ 1.27041e-06 in (1e-15,1e-05)
                                  v_core .......|..    5336.54 in (0,inf)
                                v_corona .......|..    1383.05 in (0,inf)
step 37 cost 614027.341(50)
                           d_penetration .....|....   0.886681 in (0.75,1)
                             length_core ....|.....    471.726 in (20,1000)
                             radius_core ...|......    86.0039 in (20,200)
                          radius_core_pd |.........  0.0498928 in (0,0.5)
                                      rg ......|...     138.51 in (0,200)
                                   scale .|........ 1.27041e-06 in (1e-15,1e-05)
                                  v_core .......|..    5336.54 in (0,inf)
                                v_corona .......|..    1383.05 in (0,inf)
step 38 cost 614027.341(50)
                           d_penetration .....|....   0.886681 in (0.75,1)
                             length_core ....|.....    471.726 in (20,1000)
                             radius_core ...|......    86.0039 in (20,200)
                          radius_core_pd |.........  0.0498928 in (0,0.5)
                                      rg ......|...     138.51 in (0,200)
                                   scale .|........ 1.27041e-06 in (1e-15,1e-05)
                                  v_core .......|..    5336.54 in (0,inf)
                                v_corona .......|..    1383.05 in (0,inf)
step 39 cost 614027.341(50)
                           d_penetration .....|....   0.886681 in (0.75,1)
                             length_core ....|.....    471.726 in (20,1000)
                             radius_core ...|......    86.0039 in (20,200)
                          radius_core_pd |.........  0.0498928 in (0,0.5)
                                      rg ......|...     138.51 in (0,200)
                                   scale .|........ 1.27041e-06 in (1e-15,1e-05)
                                  v_core .......|..    5336.54 in (0,inf)
                                v_corona .......|..    1383.05 in (0,inf)
step 40 cost 614027.341(50)
                           d_penetration .....|....   0.886681 in (0.75,1)
                             length_core ....|.....    471.726 in (20,1000)
                             radius_core ...|......    86.0039 in (20,200)
                          radius_core_pd |.........  0.0498928 in (0,0.5)
                                      rg ......|...     138.51 in (0,200)
                                   scale .|........ 1.27041e-06 in (1e-15,1e-05)
                                  v_core .......|..    5336.54 in (0,inf)
                                v_corona .......|..    1383.05 in (0,inf)
step 41 cost 614027.341(50)
                           d_penetration .....|....   0.886681 in (0.75,1)
                             length_core ....|.....    471.726 in (20,1000)
                             radius_core ...|......    86.0039 in (20,200)
                          radius_core_pd |.........  0.0498928 in (0,0.5)
                                      rg ......|...     138.51 in (0,200)
                                   scale .|........ 1.27041e-06 in (1e-15,1e-05)
                                  v_core .......|..    5336.54 in (0,inf)
                                v_corona .......|..    1383.05 in (0,inf)
step 42 cost 614027.341(50)
                           d_penetration .....|....   0.886681 in (0.75,1)
                             length_core ....|.....    471.726 in (20,1000)
                             radius_core ...|......    86.0039 in (20,200)
                          radius_core_pd |.........  0.0498928 in (0,0.5)
                                      rg ......|...     138.51 in (0,200)
                                   scale .|........ 1.27041e-06 in (1e-15,1e-05)
                                  v_core .......|..    5336.54 in (0,inf)
                                v_corona .......|..    1383.05 in (0,inf)
step 43 cost 614027.341(50)
                           d_penetration .....|....   0.886681 in (0.75,1)
                             length_core ....|.....    471.726 in (20,1000)
                             radius_core ...|......    86.0039 in (20,200)
                          radius_core_pd |.........  0.0498928 in (0,0.5)
                                      rg ......|...     138.51 in (0,200)
                                   scale .|........ 1.27041e-06 in (1e-15,1e-05)
                                  v_core .......|..    5336.54 in (0,inf)
                                v_corona .......|..    1383.05 in (0,inf)
step 44 cost 614027.341(50)
                           d_penetration .....|....   0.886681 in (0.75,1)
                             length_core ....|.....    471.726 in (20,1000)
                             radius_core ...|......    86.0039 in (20,200)
                          radius_core_pd |.........  0.0498928 in (0,0.5)
                                      rg ......|...     138.51 in (0,200)
                                   scale .|........ 1.27041e-06 in (1e-15,1e-05)
                                  v_core .......|..    5336.54 in (0,inf)
                                v_corona .......|..    1383.05 in (0,inf)
step 45 cost 614027.341(50)
                           d_penetration .....|....   0.886681 in (0.75,1)
                             length_core ....|.....    471.726 in (20,1000)
                             radius_core ...|......    86.0039 in (20,200)
                          radius_core_pd |.........  0.0498928 in (0,0.5)
                                      rg ......|...     138.51 in (0,200)
                                   scale .|........ 1.27041e-06 in (1e-15,1e-05)
                                  v_core .......|..    5336.54 in (0,inf)
                                v_corona .......|..    1383.05 in (0,inf)
step 46 cost 614027.341(50)
                           d_penetration .....|....   0.886681 in (0.75,1)
                             length_core ....|.....    471.726 in (20,1000)
                             radius_core ...|......    86.0039 in (20,200)
                          radius_core_pd |.........  0.0498928 in (0,0.5)
                                      rg ......|...     138.51 in (0,200)
                                   scale .|........ 1.27041e-06 in (1e-15,1e-05)
                                  v_core .......|..    5336.54 in (0,inf)
                                v_corona .......|..    1383.05 in (0,inf)
step 47 cost 445423.301(50)
                           d_penetration ......|...   0.923573 in (0.75,1)
                             length_core |.........    26.7044 in (20,1000)
                             radius_core .......|..    161.835 in (20,200)
                          radius_core_pd ...|......   0.155389 in (0,0.5)
                                      rg ........|.    166.589 in (0,200)
                                   scale ...|...... 3.09095e-06 in (1e-15,1e-05)
                                  v_core .......|..     2326.6 in (0,inf)
                                v_corona .......|..    1922.59 in (0,inf)
step 48 cost 445423.301(50)
                           d_penetration ......|...   0.923573 in (0.75,1)
                             length_core |.........    26.7044 in (20,1000)
                             radius_core .......|..    161.835 in (20,200)
                          radius_core_pd ...|......   0.155389 in (0,0.5)
                                      rg ........|.    166.589 in (0,200)
                                   scale ...|...... 3.09095e-06 in (1e-15,1e-05)
                                  v_core .......|..     2326.6 in (0,inf)
                                v_corona .......|..    1922.59 in (0,inf)
step 49 cost 445423.301(50)
                           d_penetration ......|...   0.923573 in (0.75,1)
                             length_core |.........    26.7044 in (20,1000)
                             radius_core .......|..    161.835 in (20,200)
                          radius_core_pd ...|......   0.155389 in (0,0.5)
                                      rg ........|.    166.589 in (0,200)
                                   scale ...|...... 3.09095e-06 in (1e-15,1e-05)
                                  v_core .......|..     2326.6 in (0,inf)
                                v_corona .......|..    1922.59 in (0,inf)
step 50 cost 445423.301(50)
                           d_penetration ......|...   0.923573 in (0.75,1)
                             length_core |.........    26.7044 in (20,1000)
                             radius_core .......|..    161.835 in (20,200)
                          radius_core_pd ...|......   0.155389 in (0,0.5)
                                      rg ........|.    166.589 in (0,200)
                                   scale ...|...... 3.09095e-06 in (1e-15,1e-05)
                                  v_core .......|..     2326.6 in (0,inf)
                                v_corona .......|..    1922.59 in (0,inf)
step 51 cost 272673.183(50)
                           d_penetration .|........   0.785611 in (0.75,1)
                             length_core ....|.....    469.619 in (20,1000)
                             radius_core |.........    34.7046 in (20,200)
                          radius_core_pd ..|.......   0.147506 in (0,0.5)
                                      rg .......|..    157.058 in (0,200)
                                   scale .|........ 1.97477e-06 in (1e-15,1e-05)
                                  v_core .......|..    1925.28 in (0,inf)
                                v_corona .......|..    1875.73 in (0,inf)
step 52 cost 272673.183(50)
                           d_penetration .|........   0.785611 in (0.75,1)
                             length_core ....|.....    469.619 in (20,1000)
                             radius_core |.........    34.7046 in (20,200)
                          radius_core_pd ..|.......   0.147506 in (0,0.5)
                                      rg .......|..    157.058 in (0,200)
                                   scale .|........ 1.97477e-06 in (1e-15,1e-05)
                                  v_core .......|..    1925.28 in (0,inf)
                                v_corona .......|..    1875.73 in (0,inf)
step 53 cost 272673.183(50)
                           d_penetration .|........   0.785611 in (0.75,1)
                             length_core ....|.....    469.619 in (20,1000)
                             radius_core |.........    34.7046 in (20,200)
                          radius_core_pd ..|.......   0.147506 in (0,0.5)
                                      rg .......|..    157.058 in (0,200)
                                   scale .|........ 1.97477e-06 in (1e-15,1e-05)
                                  v_core .......|..    1925.28 in (0,inf)
                                v_corona .......|..    1875.73 in (0,inf)
step 54 cost 182126.543(50)
                           d_penetration .|........   0.779047 in (0.75,1)
                             length_core ....|.....    463.899 in (20,1000)
                             radius_core |.........    27.8447 in (20,200)
                          radius_core_pd ..|.......   0.133533 in (0,0.5)
                                      rg .......|..    149.647 in (0,200)
                                   scale .|........ 1.84792e-06 in (1e-15,1e-05)
                                  v_core .......|..    2307.63 in (0,inf)
                                v_corona .......|..    2303.82 in (0,inf)
step 55 cost 28878.756(50)
                           d_penetration .....|....     0.8809 in (0.75,1)
                             length_core ........|.    901.429 in (20,1000)
                             radius_core ........|.    175.351 in (20,200)
                          radius_core_pd ..|.......   0.139911 in (0,0.5)
                                      rg ......|...     123.58 in (0,200)
                                   scale |......... 7.81631e-08 in (1e-15,1e-05)
                                  v_core .......|..    2723.76 in (0,inf)
                                v_corona .......|..    8743.24 in (0,inf)
step 56 cost 28878.756(50)
                           d_penetration .....|....     0.8809 in (0.75,1)
                             length_core ........|.    901.429 in (20,1000)
                             radius_core ........|.    175.351 in (20,200)
                          radius_core_pd ..|.......   0.139911 in (0,0.5)
                                      rg ......|...     123.58 in (0,200)
                                   scale |......... 7.81631e-08 in (1e-15,1e-05)
                                  v_core .......|..    2723.76 in (0,inf)
                                v_corona .......|..    8743.24 in (0,inf)
step 57 cost 28878.756(50)
                           d_penetration .....|....     0.8809 in (0.75,1)
                             length_core ........|.    901.429 in (20,1000)
                             radius_core ........|.    175.351 in (20,200)
                          radius_core_pd ..|.......   0.139911 in (0,0.5)
                                      rg ......|...     123.58 in (0,200)
                                   scale |......... 7.81631e-08 in (1e-15,1e-05)
                                  v_core .......|..    2723.76 in (0,inf)
                                v_corona .......|..    8743.24 in (0,inf)
step 58 cost 28878.756(50)
                           d_penetration .....|....     0.8809 in (0.75,1)
                             length_core ........|.    901.429 in (20,1000)
                             radius_core ........|.    175.351 in (20,200)
                          radius_core_pd ..|.......   0.139911 in (0,0.5)
                                      rg ......|...     123.58 in (0,200)
                                   scale |......... 7.81631e-08 in (1e-15,1e-05)
                                  v_core .......|..    2723.76 in (0,inf)
                                v_corona .......|..    8743.24 in (0,inf)
step 59 cost 28878.756(50)
                           d_penetration .....|....     0.8809 in (0.75,1)
                             length_core ........|.    901.429 in (20,1000)
                             radius_core ........|.    175.351 in (20,200)
                          radius_core_pd ..|.......   0.139911 in (0,0.5)
                                      rg ......|...     123.58 in (0,200)
                                   scale |......... 7.81631e-08 in (1e-15,1e-05)
                                  v_core .......|..    2723.76 in (0,inf)
                                v_corona .......|..    8743.24 in (0,inf)
step 60 cost 28878.756(50)
                           d_penetration .....|....     0.8809 in (0.75,1)
                             length_core ........|.    901.429 in (20,1000)
                             radius_core ........|.    175.351 in (20,200)
                          radius_core_pd ..|.......   0.139911 in (0,0.5)
                                      rg ......|...     123.58 in (0,200)
                                   scale |......... 7.81631e-08 in (1e-15,1e-05)
                                  v_core .......|..    2723.76 in (0,inf)
                                v_corona .......|..    8743.24 in (0,inf)
step 61 cost 28878.756(50)
                           d_penetration .....|....     0.8809 in (0.75,1)
                             length_core ........|.    901.429 in (20,1000)
                             radius_core ........|.    175.351 in (20,200)
                          radius_core_pd ..|.......   0.139911 in (0,0.5)
                                      rg ......|...     123.58 in (0,200)
                                   scale |......... 7.81631e-08 in (1e-15,1e-05)
                                  v_core .......|..    2723.76 in (0,inf)
                                v_corona .......|..    8743.24 in (0,inf)
step 62 cost 28878.756(50)
                           d_penetration .....|....     0.8809 in (0.75,1)
                             length_core ........|.    901.429 in (20,1000)
                             radius_core ........|.    175.351 in (20,200)
                          radius_core_pd ..|.......   0.139911 in (0,0.5)
                                      rg ......|...     123.58 in (0,200)
                                   scale |......... 7.81631e-08 in (1e-15,1e-05)
                                  v_core .......|..    2723.76 in (0,inf)
                                v_corona .......|..    8743.24 in (0,inf)
step 63 cost 28878.756(50)
                           d_penetration .....|....     0.8809 in (0.75,1)
                             length_core ........|.    901.429 in (20,1000)
                             radius_core ........|.    175.351 in (20,200)
                          radius_core_pd ..|.......   0.139911 in (0,0.5)
                                      rg ......|...     123.58 in (0,200)
                                   scale |......... 7.81631e-08 in (1e-15,1e-05)
                                  v_core .......|..    2723.76 in (0,inf)
                                v_corona .......|..    8743.24 in (0,inf)
step 64 cost 2638.590(50)
                           d_penetration ..|.......   0.809546 in (0.75,1)
                             length_core ..|.......    265.187 in (20,1000)
                             radius_core ..|.......     66.951 in (20,200)
                          radius_core_pd ...|......   0.197601 in (0,0.5)
                                      rg .....|....    118.834 in (0,200)
                                   scale |......... 1.58832e-07 in (1e-15,1e-05)
                                  v_core .......|..    6198.86 in (0,inf)
                                v_corona .......|..    3676.08 in (0,inf)
step 65 cost 2638.590(50)
                           d_penetration ..|.......   0.809546 in (0.75,1)
                             length_core ..|.......    265.187 in (20,1000)
                             radius_core ..|.......     66.951 in (20,200)
                          radius_core_pd ...|......   0.197601 in (0,0.5)
                                      rg .....|....    118.834 in (0,200)
                                   scale |......... 1.58832e-07 in (1e-15,1e-05)
                                  v_core .......|..    6198.86 in (0,inf)
                                v_corona .......|..    3676.08 in (0,inf)
step 66 cost 2638.590(50)
                           d_penetration ..|.......   0.809546 in (0.75,1)
                             length_core ..|.......    265.187 in (20,1000)
                             radius_core ..|.......     66.951 in (20,200)
                          radius_core_pd ...|......   0.197601 in (0,0.5)
                                      rg .....|....    118.834 in (0,200)
                                   scale |......... 1.58832e-07 in (1e-15,1e-05)
                                  v_core .......|..    6198.86 in (0,inf)
                                v_corona .......|..    3676.08 in (0,inf)
step 67 cost 2638.590(50)
                           d_penetration ..|.......   0.809546 in (0.75,1)
                             length_core ..|.......    265.187 in (20,1000)
                             radius_core ..|.......     66.951 in (20,200)
                          radius_core_pd ...|......   0.197601 in (0,0.5)
                                      rg .....|....    118.834 in (0,200)
                                   scale |......... 1.58832e-07 in (1e-15,1e-05)
                                  v_core .......|..    6198.86 in (0,inf)
                                v_corona .......|..    3676.08 in (0,inf)
step 68 cost 2638.590(50)
                           d_penetration ..|.......   0.809546 in (0.75,1)
                             length_core ..|.......    265.187 in (20,1000)
                             radius_core ..|.......     66.951 in (20,200)
                          radius_core_pd ...|......   0.197601 in (0,0.5)
                                      rg .....|....    118.834 in (0,200)
                                   scale |......... 1.58832e-07 in (1e-15,1e-05)
                                  v_core .......|..    6198.86 in (0,inf)
                                v_corona .......|..    3676.08 in (0,inf)
step 69 cost 2638.590(50)
                           d_penetration ..|.......   0.809546 in (0.75,1)
                             length_core ..|.......    265.187 in (20,1000)
                             radius_core ..|.......     66.951 in (20,200)
                          radius_core_pd ...|......   0.197601 in (0,0.5)
                                      rg .....|....    118.834 in (0,200)
                                   scale |......... 1.58832e-07 in (1e-15,1e-05)
                                  v_core .......|..    6198.86 in (0,inf)
                                v_corona .......|..    3676.08 in (0,inf)
step 70 cost 2638.590(50)
                           d_penetration ..|.......   0.809546 in (0.75,1)
                             length_core ..|.......    265.187 in (20,1000)
                             radius_core ..|.......     66.951 in (20,200)
                          radius_core_pd ...|......   0.197601 in (0,0.5)
                                      rg .....|....    118.834 in (0,200)
                                   scale |......... 1.58832e-07 in (1e-15,1e-05)
                                  v_core .......|..    6198.86 in (0,inf)
                                v_corona .......|..    3676.08 in (0,inf)
step 71 cost 2638.590(50)
                           d_penetration ..|.......   0.809546 in (0.75,1)
                             length_core ..|.......    265.187 in (20,1000)
                             radius_core ..|.......     66.951 in (20,200)
                          radius_core_pd ...|......   0.197601 in (0,0.5)
                                      rg .....|....    118.834 in (0,200)
                                   scale |......... 1.58832e-07 in (1e-15,1e-05)
                                  v_core .......|..    6198.86 in (0,inf)
                                v_corona .......|..    3676.08 in (0,inf)
step 72 cost 2638.590(50)
                           d_penetration ..|.......   0.809546 in (0.75,1)
                             length_core ..|.......    265.187 in (20,1000)
                             radius_core ..|.......     66.951 in (20,200)
                          radius_core_pd ...|......   0.197601 in (0,0.5)
                                      rg .....|....    118.834 in (0,200)
                                   scale |......... 1.58832e-07 in (1e-15,1e-05)
                                  v_core .......|..    6198.86 in (0,inf)
                                v_corona .......|..    3676.08 in (0,inf)
step 73 cost 2638.590(50)
                           d_penetration ..|.......   0.809546 in (0.75,1)
                             length_core ..|.......    265.187 in (20,1000)
                             radius_core ..|.......     66.951 in (20,200)
                          radius_core_pd ...|......   0.197601 in (0,0.5)
                                      rg .....|....    118.834 in (0,200)
                                   scale |......... 1.58832e-07 in (1e-15,1e-05)
                                  v_core .......|..    6198.86 in (0,inf)
                                v_corona .......|..    3676.08 in (0,inf)
step 74 cost 2638.590(50)
                           d_penetration ..|.......   0.809546 in (0.75,1)
                             length_core ..|.......    265.187 in (20,1000)
                             radius_core ..|.......     66.951 in (20,200)
                          radius_core_pd ...|......   0.197601 in (0,0.5)
                                      rg .....|....    118.834 in (0,200)
                                   scale |......... 1.58832e-07 in (1e-15,1e-05)
                                  v_core .......|..    6198.86 in (0,inf)
                                v_corona .......|..    3676.08 in (0,inf)
step 75 cost 2577.544(50)
                           d_penetration ......|...   0.924095 in (0.75,1)
                             length_core ..|.......    302.048 in (20,1000)
                             radius_core ....|.....    93.5635 in (20,200)
                          radius_core_pd .|........  0.0857285 in (0,0.5)
                                      rg .......|..    144.005 in (0,200)
                                   scale |......... 1.93374e-07 in (1e-15,1e-05)
                                  v_core .......|..    10181.9 in (0,inf)
                                v_corona .......|..       6784 in (0,inf)
step 76 cost 2577.544(50)
                           d_penetration ......|...   0.924095 in (0.75,1)
                             length_core ..|.......    302.048 in (20,1000)
                             radius_core ....|.....    93.5635 in (20,200)
                          radius_core_pd .|........  0.0857285 in (0,0.5)
                                      rg .......|..    144.005 in (0,200)
                                   scale |......... 1.93374e-07 in (1e-15,1e-05)
                                  v_core .......|..    10181.9 in (0,inf)
                                v_corona .......|..       6784 in (0,inf)
step 77 cost 2577.544(50)
                           d_penetration ......|...   0.924095 in (0.75,1)
                             length_core ..|.......    302.048 in (20,1000)
                             radius_core ....|.....    93.5635 in (20,200)
                          radius_core_pd .|........  0.0857285 in (0,0.5)
                                      rg .......|..    144.005 in (0,200)
                                   scale |......... 1.93374e-07 in (1e-15,1e-05)
                                  v_core .......|..    10181.9 in (0,inf)
                                v_corona .......|..       6784 in (0,inf)
step 78 cost 2577.544(50)
                           d_penetration ......|...   0.924095 in (0.75,1)
                             length_core ..|.......    302.048 in (20,1000)
                             radius_core ....|.....    93.5635 in (20,200)
                          radius_core_pd .|........  0.0857285 in (0,0.5)
                                      rg .......|..    144.005 in (0,200)
                                   scale |......... 1.93374e-07 in (1e-15,1e-05)
                                  v_core .......|..    10181.9 in (0,inf)
                                v_corona .......|..       6784 in (0,inf)
step 79 cost 2398.613(50)
                           d_penetration ..|.......   0.802732 in (0.75,1)
                             length_core ..|.......    274.837 in (20,1000)
                             radius_core ..|.......    62.2518 in (20,200)
                          radius_core_pd ....|.....    0.20096 in (0,0.5)
                                      rg .....|....    119.241 in (0,200)
                                   scale |......... 2.16715e-07 in (1e-15,1e-05)
                                  v_core .......|..    5997.85 in (0,inf)
                                v_corona .......|..    3621.58 in (0,inf)
step 80 cost 2061.663(50)
                           d_penetration .....|....   0.886574 in (0.75,1)
                             length_core ......|...    635.051 in (20,1000)
                             radius_core .|........    39.6379 in (20,200)
                          radius_core_pd .|........  0.0716136 in (0,0.5)
                                      rg ..|.......    50.1753 in (0,200)
                                   scale |......... 2.2053e-07 in (1e-15,1e-05)
                                  v_core .......|..    7918.65 in (0,inf)
                                v_corona .......|..    7935.75 in (0,inf)
step 81 cost 2061.663(50)
                           d_penetration .....|....   0.886574 in (0.75,1)
                             length_core ......|...    635.051 in (20,1000)
                             radius_core .|........    39.6379 in (20,200)
                          radius_core_pd .|........  0.0716136 in (0,0.5)
                                      rg ..|.......    50.1753 in (0,200)
                                   scale |......... 2.2053e-07 in (1e-15,1e-05)
                                  v_core .......|..    7918.65 in (0,inf)
                                v_corona .......|..    7935.75 in (0,inf)
step 82 cost 2061.663(50)
                           d_penetration .....|....   0.886574 in (0.75,1)
                             length_core ......|...    635.051 in (20,1000)
                             radius_core .|........    39.6379 in (20,200)
                          radius_core_pd .|........  0.0716136 in (0,0.5)
                                      rg ..|.......    50.1753 in (0,200)
                                   scale |......... 2.2053e-07 in (1e-15,1e-05)
                                  v_core .......|..    7918.65 in (0,inf)
                                v_corona .......|..    7935.75 in (0,inf)
step 83 cost 2061.663(50)
                           d_penetration .....|....   0.886574 in (0.75,1)
                             length_core ......|...    635.051 in (20,1000)
                             radius_core .|........    39.6379 in (20,200)
                          radius_core_pd .|........  0.0716136 in (0,0.5)
                                      rg ..|.......    50.1753 in (0,200)
                                   scale |......... 2.2053e-07 in (1e-15,1e-05)
                                  v_core .......|..    7918.65 in (0,inf)
                                v_corona .......|..    7935.75 in (0,inf)
step 84 cost 2061.663(50)
                           d_penetration .....|....   0.886574 in (0.75,1)
                             length_core ......|...    635.051 in (20,1000)
                             radius_core .|........    39.6379 in (20,200)
                          radius_core_pd .|........  0.0716136 in (0,0.5)
                                      rg ..|.......    50.1753 in (0,200)
                                   scale |......... 2.2053e-07 in (1e-15,1e-05)
                                  v_core .......|..    7918.65 in (0,inf)
                                v_corona .......|..    7935.75 in (0,inf)
