Traceback (most recent call last):
  File "/mmfs1/home/kiranvad/kiranvad/envs/micelles/lib/python3.11/site-packages/sasdata/dataloader/loader.py", line 79, in load
    data_list = super().load(path, ext=ext)
                ^^^^^^^^^^^^^^^^^^^^^^^^^^^
  File "/mmfs1/home/kiranvad/kiranvad/envs/micelles/lib/python3.11/site-packages/sasdata/data_util/registry.py", line 119, in load
    raise NoKnownLoaderException("No loaders match extension in %r"
sasdata.data_util.loader_exceptions.NoKnownLoaderException: No loaders match extension in './EXPTDATA_V2/inco_bg_sub/D50F25b_10dTol.sub'
Traceback (most recent call last):
  File "/mmfs1/home/kiranvad/kiranvad/envs/micelles/lib/python3.11/site-packages/sasdata/dataloader/loader.py", line 79, in load
    data_list = super().load(path, ext=ext)
                ^^^^^^^^^^^^^^^^^^^^^^^^^^^
  File "/mmfs1/home/kiranvad/kiranvad/envs/micelles/lib/python3.11/site-packages/sasdata/data_util/registry.py", line 119, in load
    raise NoKnownLoaderException("No loaders match extension in %r"
sasdata.data_util.loader_exceptions.NoKnownLoaderException: No loaders match extension in './EXPTDATA_V2/inco_bg_sub/D50F25_10dTHF75.sub'
Traceback (most recent call last):
  File "/mmfs1/home/kiranvad/kiranvad/envs/micelles/lib/python3.11/site-packages/sasdata/dataloader/loader.py", line 79, in load
    data_list = super().load(path, ext=ext)
                ^^^^^^^^^^^^^^^^^^^^^^^^^^^
  File "/mmfs1/home/kiranvad/kiranvad/envs/micelles/lib/python3.11/site-packages/sasdata/data_util/registry.py", line 119, in load
    raise NoKnownLoaderException("No loaders match extension in %r"
sasdata.data_util.loader_exceptions.NoKnownLoaderException: No loaders match extension in './EXPTDATA_V2/inco_bg_sub/D50F25b_10dTHF75.sub'
Traceback (most recent call last):
  File "/mmfs1/home/kiranvad/kiranvad/envs/micelles/lib/python3.11/site-packages/sasdata/dataloader/loader.py", line 79, in load
    data_list = super().load(path, ext=ext)
                ^^^^^^^^^^^^^^^^^^^^^^^^^^^
  File "/mmfs1/home/kiranvad/kiranvad/envs/micelles/lib/python3.11/site-packages/sasdata/data_util/registry.py", line 119, in load
    raise NoKnownLoaderException("No loaders match extension in %r"
sasdata.data_util.loader_exceptions.NoKnownLoaderException: No loaders match extension in './EXPTDATA_V2/inco_bg_sub/D50F50_10dTHF75.sub'
Traceback (most recent call last):
  File "/mmfs1/home/kiranvad/kiranvad/envs/micelles/lib/python3.11/site-packages/sasdata/dataloader/loader.py", line 79, in load
    data_list = super().load(path, ext=ext)
                ^^^^^^^^^^^^^^^^^^^^^^^^^^^
  File "/mmfs1/home/kiranvad/kiranvad/envs/micelles/lib/python3.11/site-packages/sasdata/data_util/registry.py", line 119, in load
    raise NoKnownLoaderException("No loaders match extension in %r"
sasdata.data_util.loader_exceptions.NoKnownLoaderException: No loaders match extension in './EXPTDATA_V2/inco_bg_sub/D50F50_10dTol.sub'
Traceback (most recent call last):
  File "/mmfs1/home/kiranvad/kiranvad/envs/micelles/lib/python3.11/site-packages/sasdata/dataloader/loader.py", line 79, in load
    data_list = super().load(path, ext=ext)
                ^^^^^^^^^^^^^^^^^^^^^^^^^^^
  File "/mmfs1/home/kiranvad/kiranvad/envs/micelles/lib/python3.11/site-packages/sasdata/data_util/registry.py", line 119, in load
    raise NoKnownLoaderException("No loaders match extension in %r"
sasdata.data_util.loader_exceptions.NoKnownLoaderException: No loaders match extension in './EXPTDATA_V2/inco_bg_sub/D50F75_10dTHF75.sub'
Traceback (most recent call last):
  File "/mmfs1/home/kiranvad/kiranvad/envs/micelles/lib/python3.11/site-packages/sasdata/dataloader/loader.py", line 79, in load
    data_list = super().load(path, ext=ext)
                ^^^^^^^^^^^^^^^^^^^^^^^^^^^
  File "/mmfs1/home/kiranvad/kiranvad/envs/micelles/lib/python3.11/site-packages/sasdata/data_util/registry.py", line 119, in load
    raise NoKnownLoaderException("No loaders match extension in %r"
sasdata.data_util.loader_exceptions.NoKnownLoaderException: No loaders match extension in './EXPTDATA_V2/inco_bg_sub/D50F75_10dTol.sub'
Traceback (most recent call last):
  File "/mmfs1/home/kiranvad/kiranvad/envs/micelles/lib/python3.11/site-packages/sasdata/dataloader/loader.py", line 79, in load
    data_list = super().load(path, ext=ext)
                ^^^^^^^^^^^^^^^^^^^^^^^^^^^
  File "/mmfs1/home/kiranvad/kiranvad/envs/micelles/lib/python3.11/site-packages/sasdata/data_util/registry.py", line 119, in load
    raise NoKnownLoaderException("No loaders match extension in %r"
sasdata.data_util.loader_exceptions.NoKnownLoaderException: No loaders match extension in './EXPTDATA_V2/inco_bg_sub/D50F50_10dTHF50.sub'
Traceback (most recent call last):
  File "/mmfs1/home/kiranvad/kiranvad/envs/micelles/lib/python3.11/site-packages/sasdata/dataloader/loader.py", line 79, in load
    data_list = super().load(path, ext=ext)
                ^^^^^^^^^^^^^^^^^^^^^^^^^^^
  File "/mmfs1/home/kiranvad/kiranvad/envs/micelles/lib/python3.11/site-packages/sasdata/data_util/registry.py", line 119, in load
    raise NoKnownLoaderException("No loaders match extension in %r"
sasdata.data_util.loader_exceptions.NoKnownLoaderException: No loaders match extension in './EXPTDATA_V2/inco_bg_sub/D50F75_10dTHF50.sub'
Traceback (most recent call last):
  File "/mmfs1/home/kiranvad/kiranvad/envs/micelles/lib/python3.11/site-packages/sasdata/dataloader/loader.py", line 79, in load
    data_list = super().load(path, ext=ext)
                ^^^^^^^^^^^^^^^^^^^^^^^^^^^
  File "/mmfs1/home/kiranvad/kiranvad/envs/micelles/lib/python3.11/site-packages/sasdata/data_util/registry.py", line 119, in load
    raise NoKnownLoaderException("No loaders match extension in %r"
sasdata.data_util.loader_exceptions.NoKnownLoaderException: No loaders match extension in './EXPTDATA_V2/inco_bg_sub/P50F25_1dTHF50.sub'
Traceback (most recent call last):
  File "/mmfs1/home/kiranvad/kiranvad/envs/micelles/lib/python3.11/site-packages/sasdata/dataloader/loader.py", line 79, in load
    data_list = super().load(path, ext=ext)
                ^^^^^^^^^^^^^^^^^^^^^^^^^^^
  File "/mmfs1/home/kiranvad/kiranvad/envs/micelles/lib/python3.11/site-packages/sasdata/data_util/registry.py", line 119, in load
    raise NoKnownLoaderException("No loaders match extension in %r"
sasdata.data_util.loader_exceptions.NoKnownLoaderException: No loaders match extension in './EXPTDATA_V2/inco_bg_sub/P50F25_10dTHF25.sub'
Traceback (most recent call last):
  File "/mmfs1/home/kiranvad/kiranvad/envs/micelles/lib/python3.11/site-packages/sasdata/dataloader/loader.py", line 79, in load
    data_list = super().load(path, ext=ext)
                ^^^^^^^^^^^^^^^^^^^^^^^^^^^
  File "/mmfs1/home/kiranvad/kiranvad/envs/micelles/lib/python3.11/site-packages/sasdata/data_util/registry.py", line 119, in load
    raise NoKnownLoaderException("No loaders match extension in %r"
sasdata.data_util.loader_exceptions.NoKnownLoaderException: No loaders match extension in './EXPTDATA_V2/inco_bg_sub/P50F25_10dTHF50.sub'
Traceback (most recent call last):
  File "/mmfs1/home/kiranvad/kiranvad/envs/micelles/lib/python3.11/site-packages/sasdata/dataloader/loader.py", line 79, in load
    data_list = super().load(path, ext=ext)
                ^^^^^^^^^^^^^^^^^^^^^^^^^^^
  File "/mmfs1/home/kiranvad/kiranvad/envs/micelles/lib/python3.11/site-packages/sasdata/data_util/registry.py", line 119, in load
    raise NoKnownLoaderException("No loaders match extension in %r"
sasdata.data_util.loader_exceptions.NoKnownLoaderException: No loaders match extension in './EXPTDATA_V2/inco_bg_sub/P50F25_10dTHF75.sub'
Traceback (most recent call last):
  File "/mmfs1/home/kiranvad/kiranvad/envs/micelles/lib/python3.11/site-packages/sasdata/dataloader/loader.py", line 79, in load
    data_list = super().load(path, ext=ext)
                ^^^^^^^^^^^^^^^^^^^^^^^^^^^
  File "/mmfs1/home/kiranvad/kiranvad/envs/micelles/lib/python3.11/site-packages/sasdata/data_util/registry.py", line 119, in load
    raise NoKnownLoaderException("No loaders match extension in %r"
sasdata.data_util.loader_exceptions.NoKnownLoaderException: No loaders match extension in './EXPTDATA_V2/inco_bg_sub/P50F25_5dTHF50.sub'
Traceback (most recent call last):
  File "/mmfs1/home/kiranvad/kiranvad/envs/micelles/lib/python3.11/site-packages/sasdata/dataloader/loader.py", line 79, in load
    data_list = super().load(path, ext=ext)
                ^^^^^^^^^^^^^^^^^^^^^^^^^^^
  File "/mmfs1/home/kiranvad/kiranvad/envs/micelles/lib/python3.11/site-packages/sasdata/data_util/registry.py", line 119, in load
    raise NoKnownLoaderException("No loaders match extension in %r"
sasdata.data_util.loader_exceptions.NoKnownLoaderException: No loaders match extension in './EXPTDATA_V2/inco_bg_sub/P50F50_1dTHF50.sub'
Traceback (most recent call last):
  File "/mmfs1/home/kiranvad/kiranvad/envs/micelles/lib/python3.11/site-packages/sasdata/dataloader/loader.py", line 79, in load
    data_list = super().load(path, ext=ext)
                ^^^^^^^^^^^^^^^^^^^^^^^^^^^
  File "/mmfs1/home/kiranvad/kiranvad/envs/micelles/lib/python3.11/site-packages/sasdata/data_util/registry.py", line 119, in load
    raise NoKnownLoaderException("No loaders match extension in %r"
sasdata.data_util.loader_exceptions.NoKnownLoaderException: No loaders match extension in './EXPTDATA_V2/inco_bg_sub/P50F50_10dTHF25.sub'
Traceback (most recent call last):
  File "/mmfs1/home/kiranvad/kiranvad/envs/micelles/lib/python3.11/site-packages/sasdata/dataloader/loader.py", line 79, in load
    data_list = super().load(path, ext=ext)
                ^^^^^^^^^^^^^^^^^^^^^^^^^^^
  File "/mmfs1/home/kiranvad/kiranvad/envs/micelles/lib/python3.11/site-packages/sasdata/data_util/registry.py", line 119, in load
    raise NoKnownLoaderException("No loaders match extension in %r"
sasdata.data_util.loader_exceptions.NoKnownLoaderException: No loaders match extension in './EXPTDATA_V2/inco_bg_sub/P50F50_10dTHF50.sub'
Traceback (most recent call last):
  File "/mmfs1/home/kiranvad/kiranvad/envs/micelles/lib/python3.11/site-packages/sasdata/dataloader/loader.py", line 79, in load
    data_list = super().load(path, ext=ext)
                ^^^^^^^^^^^^^^^^^^^^^^^^^^^
  File "/mmfs1/home/kiranvad/kiranvad/envs/micelles/lib/python3.11/site-packages/sasdata/data_util/registry.py", line 119, in load
    raise NoKnownLoaderException("No loaders match extension in %r"
sasdata.data_util.loader_exceptions.NoKnownLoaderException: No loaders match extension in './EXPTDATA_V2/inco_bg_sub/P50F50_10dTHF75.sub'
Traceback (most recent call last):
  File "/mmfs1/home/kiranvad/kiranvad/envs/micelles/lib/python3.11/site-packages/sasdata/dataloader/loader.py", line 79, in load
    data_list = super().load(path, ext=ext)
                ^^^^^^^^^^^^^^^^^^^^^^^^^^^
  File "/mmfs1/home/kiranvad/kiranvad/envs/micelles/lib/python3.11/site-packages/sasdata/data_util/registry.py", line 119, in load
    raise NoKnownLoaderException("No loaders match extension in %r"
sasdata.data_util.loader_exceptions.NoKnownLoaderException: No loaders match extension in './EXPTDATA_V2/inco_bg_sub/P50F50_5dTHF50.sub'
