Saving the results to ./fillting_cyl/
Fitting the following sample : 
       Goal  Sample  ... lowq_trim             Filename
22  Sample     129  ...         5  D50F75_10dTHF75.sub

[1 rows x 19 columns]
Using the following model for fitting : 
 cylindrical_micelle
# steps: 2, # draws: 180
step 1 cost 649995588657871.12(12)
                             length_core |.........        100 in (20,1000)
                                n_aggreg .......|..         67 in (0,inf)
                             radius_core ....|.....         40 in (20,60)
                          radius_core_pd |......... 1.5237e-09 in (0,0.3)
                                   scale |.........          1 in (0,1000)
                                sld_core ...|......          2 in (0,5)
                              sld_corona ....|.....          2 in (0,5)
                                  v_core .......|..       4000 in (0,inf)
                                v_corona .......|..       4000 in (0,inf)
step 2 cost 649984262589625.00(12)
                             length_core |.........        100 in (20,1000)
                                n_aggreg .......|..         67 in (0,inf)
                             radius_core .....|....    40.0001 in (20,60)
                          radius_core_pd |......... 6.5068e-09 in (0,0.3)
                                   scale |.........          1 in (0,1000)
                                sld_core ...|......          2 in (0,5)
                              sld_corona ...|......          2 in (0,5)
                                  v_core .......|..    3999.99 in (0,inf)
                                v_corona .......|..       4000 in (0,inf)
step 3 cost 649977274597366.25(12)
                             length_core |.........        100 in (20,1000)
                                n_aggreg .......|..    66.9999 in (0,inf)
                             radius_core .....|....         40 in (20,60)
                          radius_core_pd |.........          0 in (0,0.3)
                                   scale |.........   0.999998 in (0,1000)
                                sld_core ...|......    1.99999 in (0,5)
                              sld_corona ...|......          2 in (0,5)
                                  v_core .......|..       4000 in (0,inf)
                                v_corona .......|..       4000 in (0,inf)
step 4 cost 647303576010754.62(12)
                             length_core |.........    100.001 in (20,1000)
                                n_aggreg .......|..    67.0003 in (0,inf)
                             radius_core ....|.....    39.9967 in (20,60)
                          radius_core_pd |......... 0.00258171 in (0,0.3)
                                   scale |.........    1.00509 in (0,1000)
                                sld_core ...|......    1.99524 in (0,5)
                              sld_corona ...|......    1.99849 in (0,5)
                                  v_core .......|..       4000 in (0,inf)
                                v_corona .......|..    3999.99 in (0,inf)
step 5 cost 645552664923687.88(12)
                             length_core |.........    99.9887 in (20,1000)
                                n_aggreg .......|..    66.9958 in (0,inf)
                             radius_core .....|....    40.0126 in (20,60)
                          radius_core_pd |......... 0.000909439 in (0,0.3)
                                   scale |.........   0.991061 in (0,1000)
                                sld_core ....|.....    2.00625 in (0,5)
                              sld_corona ...|......    1.99688 in (0,5)
                                  v_core .......|..    3999.99 in (0,inf)
                                v_corona .......|..    4000.01 in (0,inf)
